2010-05-26T09:17:28	Fast_Shutter	CLOSED
2010-05-26T09:19:38	Beam_Shutter	FAULT
2010-05-26T09:20:13	Beam_Shutter	CLOSED
2010-05-26T09:34:20	Guide_Pressure	70
2010-05-26T09:34:23	Guide_Pressure	200
2010-05-26T09:34:26	Guide_Pressure	360
2010-05-26T09:34:29	Guide_Pressure	420
2010-05-26T09:34:32	Guide_Pressure	490
2010-05-26T09:34:36	Guide_Pressure	540
2010-05-26T09:34:38	Guide_Pressure	580
2010-05-26T09:34:42	Guide_Pressure	610
2010-05-26T09:34:45	Guide_Pressure	640
2010-05-26T09:34:48	Guide_Pressure	660
2010-05-26T09:34:51	Guide_Pressure	680
2010-05-26T09:34:54	Guide_Pressure	700
2010-05-26T09:34:57	Guide_Pressure	720
2010-05-26T09:35:01	Guide_Pressure	750
2010-05-26T09:35:04	Guide_Pressure	760
2010-05-26T09:35:07	Guide_Pressure	770
2010-05-26T09:35:10	Guide_Pressure	780
2010-05-26T09:35:13	Guide_Pressure	790
2010-05-26T09:35:16	Guide_Pressure	780
2010-05-26T09:35:20	Guide_Pressure	810
2010-05-26T09:35:23	Guide_Pressure	820
2010-05-26T09:35:26	Guide_Pressure	810
2010-05-26T09:35:38	Guide_Pressure	820
2010-05-26T09:35:42	Guide_Pressure	810
2010-05-26T09:35:48	Guide_Pressure	820
2010-05-26T09:35:48	Guide4	268.26
2010-05-26T09:35:48	Guide3	0.3
2010-05-26T09:35:48	Guide2	270.06
2010-05-26T09:35:48	Guide1	0.62
2010-05-26T09:35:48	S2	808.952
2010-05-26T09:35:48	S1	810.317
2010-05-26T09:35:49	Guide4	266.3
2010-05-26T09:35:49	Guide3	2.26
2010-05-26T09:35:49	Guide2	269.94
2010-05-26T09:35:49	Guide1	0
2010-05-26T09:35:49	S2	803.847
2010-05-26T09:35:49	S1	810.015
2010-05-26T09:35:50	Guide4	263.3
2010-05-26T09:35:50	Guide3	5.26
2010-05-26T09:35:50	S2	796.169
2010-05-26T09:35:52	Guide4	260.82
2010-05-26T09:35:52	Guide3	7.74
2010-05-26T09:35:52	S2	789.922
2010-05-26T09:35:53	Guide4	257.54
2010-05-26T09:35:53	Guide3	11.02
2010-05-26T09:35:53	S2	781.8
2010-05-26T09:35:54	Guide_Pressure	810
2010-05-26T09:35:54	Guide4	254.98
2010-05-26T09:35:54	Guide3	13.58
2010-05-26T09:35:54	S2	775.358
2010-05-26T09:35:55	Guide4	252.28
2010-05-26T09:35:55	Guide3	16.3
2010-05-26T09:35:55	S2	768.574
2010-05-26T09:35:56	Guide4	249.18
2010-05-26T09:35:56	Guide3	19.38
2010-05-26T09:35:56	S2	760.881
2010-05-26T09:35:57	Guide4	246.5
2010-05-26T09:35:57	Guide3	22.06
2010-05-26T09:35:57	S2	754.156
2010-05-26T09:35:58	Guide4	243.88
2010-05-26T09:35:58	Guide3	24.7
2010-05-26T09:35:58	S2	747.583
2010-05-26T09:35:59	Guide4	241.22
2010-05-26T09:35:59	Guide3	27.34
2010-05-26T09:35:59	S2	740.972
2010-05-26T09:36:00	Guide4	238
2010-05-26T09:36:00	Guide3	30.56
2010-05-26T09:36:00	S2	732.904
2010-05-26T09:36:01	Guide4	235.34
2010-05-26T09:36:01	Guide3	33.24
2010-05-26T09:36:01	S2	726.217
2010-05-26T09:36:03	Guide4	232.16
2010-05-26T09:36:03	Guide3	36.4
2010-05-26T09:36:03	S2	718.317
2010-05-26T09:36:04	Guide4	229.6
2010-05-26T09:36:04	Guide3	38.96
2010-05-26T09:36:04	S2	711.902
2010-05-26T09:36:05	Guide4	226.46
2010-05-26T09:36:05	Guide3	42.1
2010-05-26T09:36:05	S2	704.057
2010-05-26T09:36:06	Guide4	223.88
2010-05-26T09:36:06	Guide3	44.68
2010-05-26T09:36:06	S2	697.599
2010-05-26T09:36:07	Guide4	220.8
2010-05-26T09:36:07	Guide3	47.76
2010-05-26T09:36:07	S2	689.901
2010-05-26T09:36:08	Guide4	218.18
2010-05-26T09:36:08	Guide3	50.92
2010-05-26T09:36:08	S2	682.037
2010-05-26T09:36:09	Guide4	215.02
2010-05-26T09:36:09	Guide3	53.54
2010-05-26T09:36:09	S2	676.066
2010-05-26T09:36:11	Guide4	211.94
2010-05-26T09:36:11	Guide3	56.64
2010-05-26T09:36:11	S2	675.105
2010-05-26T09:36:12	Guide4	208.82
2010-05-26T09:36:12	Guide3	59.74
2010-05-26T09:36:12	S2	675.021
2010-05-26T09:36:13	Guide4	206.14
2010-05-26T09:36:13	Guide3	62.42
2010-05-26T09:36:14	Guide4	202.92
2010-05-26T09:36:14	Guide3	65.66
2010-05-26T09:36:15	Guide4	200.22
2010-05-26T09:36:15	Guide3	68.34
2010-05-26T09:36:16	Guide4	197.1
2010-05-26T09:36:16	Guide3	71.46
2010-05-26T09:36:18	Guide4	193.96
2010-05-26T09:36:18	Guide3	74.6
2010-05-26T09:36:19	Guide4	191.24
2010-05-26T09:36:19	Guide3	77.32
2010-05-26T09:36:20	Guide4	188.08
2010-05-26T09:36:20	Guide3	80.48
2010-05-26T09:36:21	Guide4	185.44
2010-05-26T09:36:21	Guide3	83.14
2010-05-26T09:36:22	Guide4	182.88
2010-05-26T09:36:22	Guide3	86.2
2010-05-26T09:36:23	Guide4	179.74
2010-05-26T09:36:23	Guide3	89.34
2010-05-26T09:36:24	Guide4	176.68
2010-05-26T09:36:24	Guide3	91.9
2010-05-26T09:36:26	Guide4	173.98
2010-05-26T09:36:26	Guide3	95.1
2010-05-26T09:36:27	Guide4	170.88
2010-05-26T09:36:27	Guide3	97.7
2010-05-26T09:36:28	Guide4	167.78
2010-05-26T09:36:28	Guide3	100.78
2010-05-26T09:36:29	Guide4	165.16
2010-05-26T09:36:29	Guide3	103.92
2010-05-26T09:36:30	Guide4	162.04
2010-05-26T09:36:30	Guide3	106.52
2010-05-26T09:36:31	Guide4	158.9
2010-05-26T09:36:31	Guide3	109.66
2010-05-26T09:36:32	Guide4	156.3
2010-05-26T09:36:32	Guide3	112.76
2010-05-26T09:36:34	Guide4	152.66
2010-05-26T09:36:34	Guide3	115.92
2010-05-26T09:36:35	Guide4	150.02
2010-05-26T09:36:35	Guide3	119.06
2010-05-26T09:36:36	Guide4	146.94
2010-05-26T09:36:36	Guide3	121.64
2010-05-26T09:36:37	Guide4	143.86
2010-05-26T09:36:37	Guide3	124.7
2010-05-26T09:36:38	Guide_Pressure	820
2010-05-26T09:36:38	Guide4	140.72
2010-05-26T09:36:38	Guide3	127.84
2010-05-26T09:36:40	Guide4	138.18
2010-05-26T09:36:40	Guide3	130.4
2010-05-26T09:36:41	Guide_Pressure	810
2010-05-26T09:36:41	Guide4	134.58
2010-05-26T09:36:41	Guide3	133.98
2010-05-26T09:36:42	Guide4	132.02
2010-05-26T09:36:42	Guide3	136.56
2010-05-26T09:36:43	Guide4	129.44
2010-05-26T09:36:43	Guide3	139.72
2010-05-26T09:36:44	Guide_Pressure	800
2010-05-26T09:36:44	Guide4	125.76
2010-05-26T09:36:44	Guide3	142.8
2010-05-26T09:36:45	Guide4	123.16
2010-05-26T09:36:45	Guide3	145.42
2010-05-26T09:36:46	Guide4	120.54
2010-05-26T09:36:46	Guide3	148.54
2010-05-26T09:36:48	Guide_Pressure	810
2010-05-26T09:36:48	Guide4	116.94
2010-05-26T09:36:48	Guide3	151.62
2010-05-26T09:36:49	Guide4	114.26
2010-05-26T09:36:49	Guide3	154.3
2010-05-26T09:36:50	Guide4	111.12
2010-05-26T09:36:50	Guide3	157.44
2010-05-26T09:36:51	Guide4	108.56
2010-05-26T09:36:51	Guide3	160
2010-05-26T09:36:52	Guide4	105.48
2010-05-26T09:36:52	Guide3	163.08
2010-05-26T09:36:53	Guide4	102.4
2010-05-26T09:36:53	Guide3	166.16
2010-05-26T09:36:55	Guide4	99.26
2010-05-26T09:36:55	Guide3	169.32
2010-05-26T09:36:56	Guide4	96.7
2010-05-26T09:36:56	Guide3	172.38
2010-05-26T09:36:57	Guide4	93.62
2010-05-26T09:36:57	Guide3	174.96
2010-05-26T09:36:58	Guide4	90.5
2010-05-26T09:36:58	Guide3	178.06
2010-05-26T09:36:59	Guide4	87.94
2010-05-26T09:36:59	Guide3	181.18
2010-05-26T09:37:00	Guide4	84.8
2010-05-26T09:37:00	Guide3	183.76
2010-05-26T09:37:01	Guide4	81.66
2010-05-26T09:37:01	Guide3	186.9
2010-05-26T09:37:03	Guide_Pressure	800
2010-05-26T09:37:03	Guide4	78.6
2010-05-26T09:37:03	Guide3	189.96
2010-05-26T09:37:04	Guide4	76
2010-05-26T09:37:04	Guide3	193.12
2010-05-26T09:37:05	Guide4	72.86
2010-05-26T09:37:05	Guide3	195.7
2010-05-26T09:37:06	Guide4	69.72
2010-05-26T09:37:06	Guide3	198.84
2010-05-26T09:37:07	Guide4	66.6
2010-05-26T09:37:07	Guide3	201.98
2010-05-26T09:37:08	Guide4	63.88
2010-05-26T09:37:08	Guide3	205.18
2010-05-26T09:37:10	Guide_Pressure	810
2010-05-26T09:37:10	Guide4	60.22
2010-05-26T09:37:10	Guide3	208.34
2010-05-26T09:37:11	Guide4	57.68
2010-05-26T09:37:11	Guide3	210.88
2010-05-26T09:37:12	Guide4	54.54
2010-05-26T09:37:12	Guide3	214.02
2010-05-26T09:37:13	Guide4	51.96
2010-05-26T09:37:13	Guide3	217.12
2010-05-26T09:37:14	Guide4	48.86
2010-05-26T09:37:14	Guide3	219.7
2010-05-26T09:37:15	Guide4	45.74
2010-05-26T09:37:15	Guide3	222.8
2010-05-26T09:37:17	Guide4	43.1
2010-05-26T09:37:17	Guide3	225.46
2010-05-26T09:37:18	Guide4	40.02
2010-05-26T09:37:18	Guide3	228.54
2010-05-26T09:37:19	Guide_Pressure	800
2010-05-26T09:37:19	Guide4	37.22
2010-05-26T09:37:19	Guide3	231.34
2010-05-26T09:37:20	Guide4	34.06
2010-05-26T09:37:20	Guide3	234.5
2010-05-26T09:37:21	Guide4	31.5
2010-05-26T09:37:21	Guide3	237.56
2010-05-26T09:37:22	Guide_Pressure	810
2010-05-26T09:37:22	Guide4	28.38
2010-05-26T09:37:22	Guide3	240.18
2010-05-26T09:37:24	Guide4	25.32
2010-05-26T09:37:24	Guide3	243.26
2010-05-26T09:37:25	Guide4	22.2
2010-05-26T09:37:25	Guide3	246.36
2010-05-26T09:37:26	Guide4	19.64
2010-05-26T09:37:26	Guide3	248.94
2010-05-26T09:37:27	Guide4	16.52
2010-05-26T09:37:27	Guide3	252.06
2010-05-26T09:37:28	Guide_Pressure	800
2010-05-26T09:37:28	Guide4	13.44
2010-05-26T09:37:28	Guide3	255.12
2010-05-26T09:37:29	Guide4	10.86
2010-05-26T09:37:29	Guide3	257.72
2010-05-26T09:37:30	Guide4	7.64
2010-05-26T09:37:30	Guide3	260.92
2010-05-26T09:37:32	Guide_Pressure	810
2010-05-26T09:37:32	Guide4	4.52
2010-05-26T09:37:32	Guide3	264.04
2010-05-26T09:37:33	Guide4	1.96
2010-05-26T09:37:33	Guide3	266.62
2010-05-26T09:37:34	Guide4	0.1
2010-05-26T09:37:34	Guide3	269.14
2010-05-26T09:37:35	Guide_Pressure	800
2010-05-26T09:37:35	Guide4	0
2010-05-26T09:37:35	Guide3	269.62
2010-05-26T09:37:36	Guide3	269.9
2010-05-26T09:37:37	Guide_Pressure	810
2010-05-26T09:38:16	Guide_Pressure	800
2010-05-26T09:38:21	Guide_Pressure	810
2010-05-26T09:38:25	Guide_Pressure	800
2010-05-26T09:38:28	Guide_Pressure	810
2010-05-26T09:38:31	Guide_Pressure	800
2010-05-26T09:38:35	Guide_Pressure	810
2010-05-26T09:38:40	Guide_Pressure	800
2010-05-26T09:38:47	Guide_Pressure	880
2010-05-26T09:38:50	Guide_Pressure	710
2010-05-26T09:38:53	Guide_Pressure	550
2010-05-26T09:38:56	Guide_Pressure	380
2010-05-26T09:38:59	Guide_Pressure	220
2010-05-26T09:39:02	Guide_Pressure	97
2010-05-26T09:39:06	Guide_Pressure	59
2010-05-26T09:39:09	Guide_Pressure	33
2010-05-26T09:39:12	Guide_Pressure	20
2010-05-26T09:39:15	Guide_Pressure	14
2010-05-26T09:39:19	Guide_Pressure	10
2010-05-26T09:39:21	Guide_Pressure	9.3
2010-05-26T09:39:24	Guide_Pressure	8.5
2010-05-26T09:39:28	Guide_Pressure	8
2010-05-26T09:39:31	Guide_Pressure	7.8
2010-05-26T09:39:34	Guide_Pressure	7.7
2010-05-26T09:39:37	Guide_Pressure	7.6
2010-05-26T09:39:43	Guide_Pressure	7.5
2010-05-26T09:40:15	Guide_Pressure	7.4
2010-05-26T09:40:49	Guide_Pressure	7.3
2010-05-26T09:41:34	Guide_Pressure	7.2
2010-05-26T09:41:46	Moderator_Temp	37
2010-05-26T09:41:53	Moderator_Temp	36
2010-05-26T09:41:56	Moderator_Temp	35
2010-05-26T09:42:00	Moderator_Temp	34
2010-05-26T09:42:05	Moderator_Temp	35
2010-05-26T09:42:08	Moderator_Temp	36
2010-05-26T09:42:31	Moderator_Temp	37
2010-05-26T09:42:34	Guide_Pressure	7.1
2010-05-26T09:43:00	Moderator_Temp	38
2010-05-26T09:43:46	Guide_Pressure	7
2010-05-26T09:43:49	Guide_Pressure	7.1
2010-05-26T09:43:56	Guide_Pressure	7
2010-05-26T09:44:19	Moderator_Temp	37
2010-05-26T09:44:20	Moderator_Temp	36
2010-05-26T09:44:26	Moderator_Temp	35
2010-05-26T09:44:28	Moderator_Temp	36
2010-05-26T09:44:38	Moderator_Temp	37
2010-05-26T09:45:20	Moderator_Temp	38
2010-05-26T09:45:23	Moderator_Temp	37
2010-05-26T09:45:27	Moderator_Temp	38
2010-05-26T09:45:37	Moderator_Temp	37
2010-05-26T09:45:40	Moderator_Temp	38
2010-05-26T09:45:57	Guide_Pressure	6.9
2010-05-26T09:47:36	Moderator_Temp	37
2010-05-26T09:47:45	Moderator_Temp	36
2010-05-26T09:47:53	Moderator_Temp	35
2010-05-26T09:47:57	Moderator_Temp	34
2010-05-26T09:48:02	Moderator_Temp	33
2010-05-26T09:48:07	Table	40.626
2010-05-26T09:48:08	Table	40.385
2010-05-26T09:48:10	Moderator_Temp	32
2010-05-26T09:48:17	Moderator_Temp	31
2010-05-26T09:48:27	Moderator_Temp	30
2010-05-26T09:48:43	Julabo_1	41.79
2010-05-26T09:48:45	Julabo_1	41.69
2010-05-26T09:48:53	Moderator_Temp	29
2010-05-26T09:48:55	Julabo_1	41.42
2010-05-26T09:48:56	Julabo_2	36.89
2010-05-26T09:49:01	Julabo_2	36.74
2010-05-26T09:49:03	Moderator_Temp	30
2010-05-26T09:49:04	Julabo_2	36.61
2010-05-26T09:49:05	Moderator_Temp	29
2010-05-26T09:49:06	Julabo_2	36.45
2010-05-26T09:49:09	Julabo_2	36.27
2010-05-26T09:49:11	Julabo_1	41.52
2010-05-26T09:49:12	Julabo_2	36.12
2010-05-26T09:49:14	Julabo_2	35.95
2010-05-26T09:49:15	Julabo_2	35.79
2010-05-26T09:49:17	Julabo_2	35.65
2010-05-26T09:49:20	Julabo_2	35.54
2010-05-26T09:49:23	Julabo_2	35.39
2010-05-26T09:49:25	Julabo_2	35.29
2010-05-26T09:49:27	Julabo_1	41.63
2010-05-26T09:49:29	Julabo_2	35.11
2010-05-26T09:49:33	Julabo_2	34.95
2010-05-26T09:49:36	Julabo_2	34.79
2010-05-26T09:49:41	Moderator_Temp	28
2010-05-26T09:49:42	Julabo_2	34.63
2010-05-26T09:49:46	Moderator_Temp	29
2010-05-26T09:49:47	Julabo_2	34.48
2010-05-26T09:49:53	Julabo_2	34.33
2010-05-26T09:49:56	Moderator_Temp	28
2010-05-26T09:49:59	Julabo_2	34.19
2010-05-26T09:50:04	Moderator_Temp	29
2010-05-26T09:50:04	Julabo_2	34.06
2010-05-26T09:50:06	Moderator_Temp	28
2010-05-26T09:50:10	Julabo_2	33.92
2010-05-26T09:50:12	Moderator_Temp	29
2010-05-26T09:50:12	Rear_Det_Temp	NaN
2010-05-26T09:50:17	Moderator_Temp	28
2010-05-26T09:50:17	Julabo_2	33.79
2010-05-26T09:50:22	Julabo_2	33.66
2010-05-26T09:50:24	Table	37.484
2010-05-26T09:50:25	Table	31.780
2010-05-26T09:50:27	Table	24.608
2010-05-26T09:50:28	Table	18.797
2010-05-26T09:50:28	Julabo_2	33.53
2010-05-26T09:50:29	Table	11.844
2010-05-26T09:50:30	Table	5.997
2010-05-26T09:50:30	Rear_Det_Temp	32.6
2010-05-26T09:50:31	Table	0.363
2010-05-26T09:50:32	Table	-6.524
2010-05-26T09:50:33	Table	-12.235
2010-05-26T09:50:33	Julabo_2	33.42
2010-05-26T09:50:34	Table	-19.199
2010-05-26T09:50:36	Table	-26.135
2010-05-26T09:50:37	Table	-31.868
2010-05-26T09:50:38	Julabo_2	33.28
2010-05-26T09:50:46	Julabo_2	33.15
2010-05-26T09:50:52	Julabo_2	33.03
2010-05-26T09:50:57	Julabo_2	32.91
2010-05-26T09:51:04	Julabo_2	32.8
2010-05-26T09:51:10	Julabo_2	32.68
2010-05-26T09:51:16	Julabo_2	32.56
2010-05-26T09:51:21	Julabo_2	32.45
2010-05-26T09:51:29	Julabo_2	32.32
2010-05-26T09:51:35	Julabo_2	32.2
2010-05-26T09:51:41	Julabo_2	32.08
2010-05-26T09:51:49	Julabo_2	31.95
2010-05-26T09:51:50	Guide_Pressure	6.8
2010-05-26T09:51:53	Guide_Pressure	6.9
2010-05-26T09:51:56	Julabo_2	31.83
2010-05-26T09:52:00	Table	-30.166
2010-05-26T09:52:01	Moderator_Temp	27
2010-05-26T09:52:01	Table	-24.482
2010-05-26T09:52:02	Guide_Pressure	6.8
2010-05-26T09:52:02	Table	-17.518
2010-05-26T09:52:03	Moderator_Temp	28
2010-05-26T09:52:03	Table	-11.774
2010-05-26T09:52:03	Julabo_2	31.7
2010-05-26T09:52:04	Table	-5.910
2010-05-26T09:52:05	Table	-0.231
2010-05-26T09:52:06	Table	6.737
2010-05-26T09:52:07	Table	12.574
2010-05-26T09:52:09	Moderator_Temp	27
2010-05-26T09:52:09	Table	19.412
2010-05-26T09:52:10	Table	25.276
2010-05-26T09:52:11	Table	31.119
2010-05-26T09:52:11	Julabo_2	31.58
2010-05-26T09:52:12	Table	36.950
2010-05-26T09:52:13	Table	43.947
2010-05-26T09:52:14	Table	49.838
2010-05-26T09:52:15	Table	55.468
2010-05-26T09:52:16	Table	62.399
2010-05-26T09:52:17	Table	69.319
2010-05-26T09:52:17	Julabo_2	31.45
2010-05-26T09:52:19	Table	74.992
2010-05-26T09:52:20	Table	82.306
2010-05-26T09:52:21	Table	87.919
2010-05-26T09:52:22	Table	94.975
2010-05-26T09:52:23	Table	101.704
2010-05-26T09:52:23	Julabo_2	31.34
2010-05-26T09:52:24	Table	107.289
2010-05-26T09:52:26	Table	114.144
2010-05-26T09:52:27	Table	121.085
2010-05-26T09:52:28	Table	126.764
2010-05-26T09:52:29	Table	133.679
2010-05-26T09:52:30	Table	140.381
2010-05-26T09:52:30	Julabo_2	31.22
2010-05-26T09:52:31	Table	141.342
2010-05-26T09:53:11	Julabo_2	30.54
2010-05-26T09:53:18	Julabo_2	30.41
2010-05-26T09:53:26	Julabo_2	30.29
2010-05-26T09:53:31	Julabo_2	30.18
2010-05-26T09:53:37	Julabo_2	30.08
2010-05-26T09:53:46	Julabo_2	29.94
2010-05-26T09:53:51	Julabo_2	29.84
2010-05-26T09:53:59	Julabo_2	29.73
2010-05-26T09:54:06	Julabo_2	29.62
2010-05-26T09:54:12	Julabo_2	29.52
2010-05-26T09:54:20	Julabo_2	29.39
2010-05-26T09:54:26	Julabo_2	29.28
2010-05-26T09:54:34	Julabo_2	29.18
2010-05-26T09:54:40	Julabo_2	29.08
2010-05-26T09:54:47	Julabo_2	28.95
2010-05-26T09:54:56	Julabo_2	28.8
2010-05-26T09:54:57	Rear_Det_Z	4001.056
2010-05-26T09:54:58	Rear_Det_Z	4013.76
2010-05-26T09:55:00	Rear_Det_Z	4047.088
2010-05-26T09:55:00	Rear_Det_X	120
2010-05-26T09:55:01	Rear_Det_Z	4081.04
2010-05-26T09:55:02	Rear_Det_Z	4121.12
2010-05-26T09:55:03	Rear_Det_Z	4154.832
2010-05-26T09:55:04	Rear_Det_Z	4187.536
2010-05-26T09:55:04	Julabo_2	28.68
2010-05-26T09:55:05	Rear_Det_Z	4227.2
2010-05-26T09:55:06	Rear_Det_Z	4266.72
2010-05-26T09:55:08	Rear_Det_Z	4306.352
2010-05-26T09:55:09	Rear_Det_Z	4347.36
2010-05-26T09:55:10	Rear_Det_Z	4386.88
2010-05-26T09:55:10	Julabo_2	28.58
2010-05-26T09:55:11	Rear_Det_Z	4426.416
2010-05-26T09:55:12	Rear_Det_Z	4467.248
2010-05-26T09:55:14	Rear_Det_Z	4514.624
2010-05-26T09:55:15	Rear_Det_Z	4547.68
2010-05-26T09:55:16	Rear_Det_Z	4589.584
2010-05-26T09:55:16	Julabo_2	28.47
2010-05-26T09:55:17	Rear_Det_Z	4629.44
2010-05-26T09:55:19	Rear_Det_Z	4676.704
2010-05-26T09:55:20	Rear_Det_Z	4717.104
2010-05-26T09:55:21	Rear_Det_Z	4756.656
2010-05-26T09:55:22	Rear_Det_Z	4795.984
2010-05-26T09:55:24	Rear_Det_Z	4835.52
2010-05-26T09:55:25	Rear_Det_Z	4877.68
2010-05-26T09:55:26	Rear_Det_Z	4917.6
2010-05-26T09:55:26	Julabo_2	28.34
2010-05-26T09:55:28	Rear_Det_Z	4963.68
2010-05-26T09:55:29	Moderator_Temp	28
2010-05-26T09:55:29	Rear_Det_Z	5010.704
2010-05-26T09:55:30	Rear_Det_Z	5043.872
2010-05-26T09:55:31	Moderator_Temp	29
2010-05-26T09:55:31	Rear_Det_Z	5090.752
2010-05-26T09:55:32	Rear_Det_Z	5123.808
2010-05-26T09:55:32	Julabo_2	28.23
2010-05-26T09:55:34	Rear_Det_Z	5163.312
2010-05-26T09:55:35	Moderator_Temp	28
2010-05-26T09:55:35	Rear_Det_Z	5210
2010-05-26T09:55:36	Rear_Det_Z	5250.832
2010-05-26T09:55:37	Rear_Det_Z	5280.48
2010-05-26T09:55:39	Rear_Det_Z	5327.984
2010-05-26T09:55:39	Julabo_2	28.13
2010-05-26T09:55:40	Rear_Det_Z	5360.944
2010-05-26T09:55:41	Moderator_Temp	29
2010-05-26T09:55:41	Rear_Det_Z	5407.888
2010-05-26T09:55:42	Rear_Det_Z	5447.536
2010-05-26T09:55:44	Rear_Det_Z	5494.896
2010-05-26T09:55:45	Rear_Det_Z	5528.656
2010-05-26T09:55:46	Rear_Det_Z	5561.76
2010-05-26T09:55:46	Julabo_2	28.02
2010-05-26T09:55:47	Moderator_Temp	30
2010-05-26T09:55:47	Rear_Det_Z	5608.24
2010-05-26T09:55:48	Rear_Det_Z	5648.448
2010-05-26T09:55:50	Rear_Det_Z	5688.976
2010-05-26T09:55:51	Rear_Det_Z	5728.656
2010-05-26T09:55:52	Rear_Det_Z	5768.112
2010-05-26T09:55:53	Rear_Det_Z	5808.224
2010-05-26T09:55:53	Julabo_2	27.9
2010-05-26T09:55:55	Rear_Det_Z	5848.832
2010-05-26T09:55:56	Rear_Det_Z	5889.28
2010-05-26T09:55:57	Rear_Det_Z	5928.816
2010-05-26T09:55:58	Rear_Det_Z	5968.608
2010-05-26T09:55:59	Rear_Det_Z	6002.656
2010-05-26T09:56:00	Rear_Det_Z	6036.096
2010-05-26T09:56:01	Rear_Det_Z	6075.904
2010-05-26T09:56:03	Rear_Det_Z	6109.936
2010-05-26T09:56:03	Julabo_2	27.77
2010-05-26T09:56:04	Rear_Det_Z	6143.088
2010-05-26T09:56:05	Rear_Det_Z	6177.376
2010-05-26T09:56:06	Rear_Det_Z	6217.504
2010-05-26T09:56:07	Rear_Det_Z	6257.328
2010-05-26T09:56:08	Rear_Det_Z	6292.048
2010-05-26T09:56:09	Rear_Det_Z	6325.472
2010-05-26T09:56:10	Moderator_Temp	29
2010-05-26T09:56:10	Rear_Det_Z	6378.704
2010-05-26T09:56:10	Julabo_2	27.65
2010-05-26T09:56:12	Rear_Det_Z	6415.376
2010-05-26T09:56:13	Rear_Det_Z	6448.944
2010-05-26T09:56:14	Rear_Det_Z	6475.328
2010-05-26T09:56:16	Rear_Det_Z	6554.912
2010-05-26T09:56:17	Rear_Det_Z	6588.432
2010-05-26T09:56:18	Rear_Det_Z	6629.6
2010-05-26T09:56:18	Julabo_2	27.53
2010-05-26T09:56:19	Rear_Det_Z	6662.608
2010-05-26T09:56:21	Rear_Det_Z	6702.288
2010-05-26T09:56:22	Rear_Det_Z	6735.568
2010-05-26T09:56:23	Rear_Det_Z	6775.376
2010-05-26T09:56:24	Rear_Det_Z	6808.368
2010-05-26T09:56:25	Rear_Det_Z	6848.784
2010-05-26T09:56:25	Julabo_2	27.42
2010-05-26T09:56:26	Rear_Det_Z	6881.248
2010-05-26T09:56:27	Moderator_Temp	28
2010-05-26T09:56:27	Rear_Det_Z	6920.272
2010-05-26T09:56:28	Rear_Det_Z	6947.856
2010-05-26T09:56:28	Rear_Baffle_Z	3241.555
2010-05-26T09:56:28	Rear_Det_X	120.064
2010-05-26T09:56:29	Rear_Det_Z	6990.576
2010-05-26T09:56:29	Rear_Baffle_Z	3279.483
2010-05-26T09:56:31	Rear_Det_Z	7030.032
2010-05-26T09:56:31	Rear_Baffle_Z	3319.298
2010-05-26T09:56:31	Julabo_2	27.32
2010-05-26T09:56:32	Rear_Det_Z	7076.896
2010-05-26T09:56:32	Rear_Baffle_Z	3359.298
2010-05-26T09:56:33	Rear_Det_Z	7116.96
2010-05-26T09:56:33	Rear_Baffle_Z	3406.007
2010-05-26T09:56:35	Rear_Det_Z	7164.56
2010-05-26T09:56:35	Rear_Baffle_Z	3446.944
2010-05-26T09:56:36	Rear_Det_Z	7197.472
2010-05-26T09:56:36	Rear_Baffle_Z	3486.726
2010-05-26T09:56:37	Rear_Det_Z	7244.736
2010-05-26T09:56:37	Rear_Baffle_Z	3527.121
2010-05-26T09:56:38	Rear_Det_Z	7284.432
2010-05-26T09:56:38	Rear_Baffle_Z	3566.817
2010-05-26T09:56:38	Julabo_2	27.22
2010-05-26T09:56:39	Rear_Det_Z	7318.912
2010-05-26T09:56:39	Rear_Baffle_Z	3601.282
2010-05-26T09:56:41	Rear_Det_Z	7351.984
2010-05-26T09:56:41	Rear_Baffle_Z	3640.991
2010-05-26T09:56:42	Rear_Det_Z	7391.312
2010-05-26T09:56:42	Rear_Baffle_Z	3673.688
2010-05-26T09:56:43	Rear_Det_Z	7430.848
2010-05-26T09:56:43	Rear_Baffle_Z	3713.252
2010-05-26T09:56:44	Rear_Det_Z	7465.024
2010-05-26T09:56:44	Rear_Baffle_Z	3753.978
2010-05-26T09:56:44	Julabo_2	27.11
2010-05-26T09:56:45	Rear_Det_Z	7498.176
2010-05-26T09:56:45	Rear_Baffle_Z	3780.565
2010-05-26T09:56:46	Rear_Det_Z	7540.192
2010-05-26T09:56:46	Rear_Baffle_Z	3822.584
2010-05-26T09:56:47	Rear_Det_Z	7574.736
2010-05-26T09:56:47	Rear_Baffle_Z	3857.107
2010-05-26T09:56:48	Rear_Det_Z	7610.064
2010-05-26T09:56:48	Rear_Baffle_Z	3892.430
2010-05-26T09:56:49	Rear_Det_Z	7644.064
2010-05-26T09:56:49	Rear_Baffle_Z	3926.459
2010-05-26T09:56:51	Moderator_Temp	27
2010-05-26T09:56:51	Rear_Det_Z	7679.952
2010-05-26T09:56:51	Rear_Baffle_Z	3962.335
2010-05-26T09:56:52	Rear_Det_Z	7719.616
2010-05-26T09:56:52	Rear_Baffle_Z	4002.005
2010-05-26T09:56:53	Rear_Det_Z	7754.976
2010-05-26T09:56:53	Rear_Baffle_Z	4037.354
2010-05-26T09:56:53	Julabo_2	27
2010-05-26T09:56:54	Rear_Det_Z	7787.792
2010-05-26T09:56:54	Rear_Baffle_Z	4070.182
2010-05-26T09:56:54	Front_Baffle_Z	2493.125
2010-05-26T09:56:55	Moderator_Temp	28
2010-05-26T09:56:55	Rear_Det_Z	7826.96
2010-05-26T09:56:55	Rear_Baffle_Z	4109.364
2010-05-26T09:56:55	Front_Baffle_Z	2526.461
2010-05-26T09:56:56	Rear_Det_Z	7866.592
2010-05-26T09:56:56	Rear_Baffle_Z	4155.466
2010-05-26T09:56:56	Front_Baffle_Z	2572.524
2010-05-26T09:56:57	Moderator_Temp	27
2010-05-26T09:56:57	Rear_Det_Z	7913.312
2010-05-26T09:56:57	Rear_Baffle_Z	4195.684
2010-05-26T09:56:57	Front_Baffle_Z	2612.801
2010-05-26T09:56:59	Rear_Det_Z	7953.552
2010-05-26T09:56:59	Rear_Baffle_Z	4235.947
2010-05-26T09:56:59	Front_Baffle_Z	2652.985
2010-05-26T09:57:00	Rear_Det_Z	7985.648
2010-05-26T09:57:00	Rear_Baffle_Z	4283.204
2010-05-26T09:57:00	Front_Baffle_Z	2700.262
2010-05-26T09:57:00	Julabo_2	26.89
2010-05-26T09:57:01	Rear_Det_Z	7996.304
2010-05-26T09:57:01	Rear_Baffle_Z	4324.490
2010-05-26T09:57:01	Front_Baffle_Z	2741.594
2010-05-26T09:57:03	Rear_Det_Z	7997.168
2010-05-26T09:57:03	Rear_Baffle_Z	4366.311
2010-05-26T09:57:03	Front_Baffle_Z	2783.310
2010-05-26T09:57:04	Rear_Det_Z	7999.056
2010-05-26T09:57:04	Rear_Baffle_Z	4405.591
2010-05-26T09:57:04	Front_Baffle_Z	2822.669
2010-05-26T09:57:05	Rear_Det_Z	7999.744
2010-05-26T09:57:05	Rear_Baffle_Z	4438.657
2010-05-26T09:57:05	Front_Baffle_Z	2862.418
2010-05-26T09:57:06	Rear_Baffle_Z	4482.127
2010-05-26T09:57:06	Front_Baffle_Z	2899.185
2010-05-26T09:57:07	Rear_Det_Z	7998.944
2010-05-26T09:57:07	Rear_Baffle_Z	4517.773
2010-05-26T09:57:07	Front_Baffle_Z	2934.837
2010-05-26T09:57:07	Julabo_2	26.77
2010-05-26T09:57:09	Rear_Baffle_Z	4558.947
2010-05-26T09:57:09	Front_Baffle_Z	2975.939
2010-05-26T09:57:10	Rear_Baffle_Z	4591.927
2010-05-26T09:57:10	Front_Baffle_Z	3008.972
2010-05-26T09:57:11	Rear_Baffle_Z	4627.579
2010-05-26T09:57:11	Front_Baffle_Z	3044.584
2010-05-26T09:57:12	Rear_Baffle_Z	4660.289
2010-05-26T09:57:12	Front_Baffle_Z	3077.301
2010-05-26T09:57:13	Rear_Baffle_Z	4701.582
2010-05-26T09:57:13	Front_Baffle_Z	3118.587
2010-05-26T09:57:14	Rear_Baffle_Z	4735.320
2010-05-26T09:57:14	Front_Baffle_Z	3152.365
2010-05-26T09:57:15	Rear_Baffle_Z	4768.967
2010-05-26T09:57:15	Front_Baffle_Z	3193.678
2010-05-26T09:57:15	Julabo_2	26.64
2010-05-26T09:57:16	Rear_Baffle_Z	4810.827
2010-05-26T09:57:16	Front_Baffle_Z	3234.608
2010-05-26T09:57:18	Rear_Baffle_Z	4857.167
2010-05-26T09:57:18	Front_Baffle_Z	3289.340
2010-05-26T09:57:19	Rear_Baffle_Z	4906.020
2010-05-26T09:57:19	Front_Baffle_Z	3323.092
2010-05-26T09:57:20	Rear_Baffle_Z	4938.591
2010-05-26T09:57:20	Front_Baffle_Z	3355.623
2010-05-26T09:57:21	Rear_Baffle_Z	4978.525
2010-05-26T09:57:21	Front_Baffle_Z	3395.616
2010-05-26T09:57:23	Rear_Baffle_Z	5018.320
2010-05-26T09:57:23	Front_Baffle_Z	3435.385
2010-05-26T09:57:23	Julabo_2	26.53
2010-05-26T09:57:24	Rear_Baffle_Z	5051.512
2010-05-26T09:57:24	Front_Baffle_Z	3468.550
2010-05-26T09:57:25	Rear_Baffle_Z	5091.445
2010-05-26T09:57:25	Front_Baffle_Z	3508.517
2010-05-26T09:57:26	Rear_Baffle_Z	5125.422
2010-05-26T09:57:26	Front_Baffle_Z	3542.526
2010-05-26T09:57:27	Rear_Det_Z	7999.008
2010-05-26T09:57:27	Rear_Baffle_Z	5160.051
2010-05-26T09:57:27	Front_Baffle_Z	3576.542
2010-05-26T09:57:28	Rear_Baffle_Z	5194.905
2010-05-26T09:57:28	Front_Baffle_Z	3595.760
2010-05-26T09:57:29	Rear_Baffle_Z	5228.683
2010-05-26T09:57:29	Front_Baffle_Z	3597.706
2010-05-26T09:57:30	Rear_Baffle_Z	5268.050
2010-05-26T09:57:30	Front_Baffle_Z	3599.996
2010-05-26T09:57:30	Julabo_2	26.43
2010-05-26T09:57:31	Rear_Baffle_Z	5302.389
2010-05-26T09:57:33	Rear_Baffle_Z	5344.130
2010-05-26T09:57:34	Rear_Baffle_Z	5389.025
2010-05-26T09:57:35	Rear_Baffle_Z	5422.665
2010-05-26T09:57:36	Rear_Baffle_Z	5456.939
2010-05-26T09:57:37	Rear_Baffle_Z	5489.727
2010-05-26T09:57:37	Julabo_2	26.31
2010-05-26T09:57:38	Rear_Baffle_Z	5526.198
2010-05-26T09:57:38	BS2	381.498
2010-05-26T09:57:39	Rear_Baffle_Z	5561.968
2010-05-26T09:57:41	Rear_Baffle_Z	5602.991
2010-05-26T09:57:42	Rear_Baffle_Z	5642.661
2010-05-26T09:57:43	Rear_Baffle_Z	5675.601
2010-05-26T09:57:44	Rear_Baffle_Z	5709.934
2010-05-26T09:57:45	Rear_Baffle_Z	5749.360
2010-05-26T09:57:46	Rear_Baffle_Z	5789.696
2010-05-26T09:57:46	Julabo_2	26.18
2010-05-26T09:57:48	Rear_Baffle_Z	5798.820
2010-05-26T09:57:49	Rear_Baffle_Z	5800.021
2010-05-26T09:57:56	Julabo_2	26.06
2010-05-26T09:57:59	Rear_Baffle_Z	5800.073
2010-05-26T09:58:04	Julabo_2	25.93
2010-05-26T09:58:12	Julabo_2	25.81
2010-05-26T09:58:19	Julabo_2	25.7
2010-05-26T09:58:26	Julabo_2	25.59
2010-05-26T09:58:34	Julabo_2	25.48
2010-05-26T09:58:40	Rear_Det_X	119.68
2010-05-26T09:58:41	Rear_Det_X	102.272
2010-05-26T09:58:41	Julabo_2	25.37
2010-05-26T09:58:42	Rear_Det_X	66.48
2010-05-26T09:58:44	Rear_Det_X	30.576
2010-05-26T09:58:45	Rear_Det_X	-7.632
2010-05-26T09:58:46	Rear_Det_X	-44.432
2010-05-26T09:58:47	Rear_Det_X	-80.32
2010-05-26T09:58:48	Rear_Det_X	-109.456
2010-05-26T09:58:49	Rear_Det_X	-150.288
2010-05-26T09:58:49	Julabo_2	25.27
2010-05-26T09:58:50	Rear_Det_X	-183.312
2010-05-26T09:58:51	Rear_Det_X	-221.232
2010-05-26T09:58:53	Rear_Det_X	-260
2010-05-26T09:58:54	Rear_Det_X	-272.512
2010-05-26T09:58:55	Rear_Det_X	-271.088
2010-05-26T09:58:56	Rear_Det_X	-270.464
2010-05-26T09:58:57	Rear_Det_X	-270.064
2010-05-26T09:58:58	Julabo_2	25.15
2010-05-26T09:59:08	Julabo_2	25.02
2010-05-26T09:59:17	Julabo_2	24.9
2010-05-26T09:59:30	Julabo_2	24.79
2010-05-26T09:59:47	Julabo_2	24.67
2010-05-26T10:00:08	Rear_Baffle_Z	5800.126
2010-05-26T10:00:41	Julabo_2	24.78
2010-05-26T10:01:26	Julabo_2	24.92
2010-05-26T10:01:51	Moderator_Temp	26
2010-05-26T10:01:53	Moderator_Temp	27
2010-05-26T10:02:17	Moderator_Temp	26
2010-05-26T10:02:19	Guide_Pressure	68
2010-05-26T10:02:21	Moderator_Temp	27
2010-05-26T10:02:23	Guide_Pressure	210
2010-05-26T10:02:26	Guide_Pressure	370
2010-05-26T10:02:26	Julabo_2	25.04
2010-05-26T10:02:29	Guide_Pressure	440
2010-05-26T10:02:31	Guide_Pressure	510
2010-05-26T10:02:34	Julabo_2	24.93
2010-05-26T10:02:35	Guide_Pressure	560
2010-05-26T10:02:36	Moderator_Temp	28
2010-05-26T10:02:38	Guide_Pressure	600
2010-05-26T10:02:39	Moderator_Temp	29
2010-05-26T10:02:41	Guide_Pressure	630
2010-05-26T10:02:42	Julabo_2	25.04
2010-05-26T10:02:43	Moderator_Temp	31
2010-05-26T10:02:45	Guide_Pressure	660
2010-05-26T10:02:46	Moderator_Temp	32
2010-05-26T10:02:48	Guide_Pressure	690
2010-05-26T10:02:50	Table	140.542
2010-05-26T10:02:51	Moderator_Temp	33
2010-05-26T10:02:51	Guide_Pressure	700
2010-05-26T10:02:51	Table	134.970
2010-05-26T10:02:52	Table	128.411
2010-05-26T10:02:53	Table	122.552
2010-05-26T10:02:54	Guide_Pressure	730
2010-05-26T10:02:54	Table	115.944
2010-05-26T10:02:56	Table	110.107
2010-05-26T10:02:56	Julabo_2	24.91
2010-05-26T10:02:57	Guide_Pressure	740
2010-05-26T10:02:57	Table	103.471
2010-05-26T10:02:58	Sample	268.912
2010-05-26T10:02:58	Table	97.514
2010-05-26T10:02:59	Sample	281.862
2010-05-26T10:02:59	Table	91.846
2010-05-26T10:03:00	Guide_Pressure	760
2010-05-26T10:03:00	Sample	301.8
2010-05-26T10:03:00	Table	83.121
2010-05-26T10:03:01	Sample	315.225
2010-05-26T10:03:01	Table	74.932
2010-05-26T10:03:03	Moderator_Temp	34
2010-05-26T10:03:03	Guide_Pressure	770
2010-05-26T10:03:03	Sample	336.09
2010-05-26T10:03:03	Table	68.115
2010-05-26T10:03:04	Sample	349.225
2010-05-26T10:03:04	Table	61.600
2010-05-26T10:03:05	Sample	367.325
2010-05-26T10:03:05	Table	54.445
2010-05-26T10:03:05	Julabo_2	25.02
2010-05-26T10:03:07	Guide_Pressure	790
2010-05-26T10:03:07	Sample	383.962
2010-05-26T10:03:07	Table	47.164
2010-05-26T10:03:08	Sample	397.077
2010-05-26T10:03:08	Table	41.425
2010-05-26T10:03:09	Sample	412.35
2010-05-26T10:03:09	Table	33.995
2010-05-26T10:03:10	Guide_Pressure	800
2010-05-26T10:03:10	Sample	428.547
2010-05-26T10:03:10	Table	27.650
2010-05-26T10:03:11	Sample	442.325
2010-05-26T10:03:11	Table	21.622
2010-05-26T10:03:13	Guide_Pressure	820
2010-05-26T10:03:13	Sample	458.525
2010-05-26T10:03:13	Table	14.532
2010-05-26T10:03:14	Sample	472.95
2010-05-26T10:03:14	Table	7.470
2010-05-26T10:03:15	Sample	489.275
2010-05-26T10:03:15	Table	0.326
2010-05-26T10:03:16	Sample	498.735
2010-05-26T10:03:16	Table	-6.572
2010-05-26T10:03:17	Sample	488.737
2010-05-26T10:03:17	Table	-12.731
2010-05-26T10:03:19	Sample	665
2010-05-26T10:03:19	Table	-20.889
2010-05-26T10:03:20	Guide_Pressure	840
2010-05-26T10:03:20	Table	-27.130
2010-05-26T10:03:21	Table	-34.247
2010-05-26T10:03:22	Table	-39.969
2010-05-26T10:03:24	Moderator_Temp	35
2010-05-26T10:03:24	Table	-47.245
2010-05-26T10:03:25	Table	-53.585
2010-05-26T10:03:26	Guide_Pressure	830
2010-05-26T10:03:26	Table	-60.368
2010-05-26T10:03:27	Table	-66.391
2010-05-26T10:03:28	Table	-72.863
2010-05-26T10:03:29	Guide_Pressure	820
2010-05-26T10:03:29	Table	-76.752
2010-05-26T10:03:32	Guide_Pressure	840
2010-05-26T10:03:32	Table	0
2010-05-26T10:03:42	Guide_Pressure	830
2010-05-26T10:03:45	Guide_Pressure	850
2010-05-26T10:03:47	Guide_Pressure	830
2010-05-26T10:03:54	Moderator_Temp	36
2010-05-26T10:03:54	Guide_Pressure	840
2010-05-26T10:03:57	Moderator_Temp	35
2010-05-26T10:04:00	Guide_Pressure	830
2010-05-26T10:04:01	Moderator_Temp	36
2010-05-26T10:04:04	Guide_Pressure	840
2010-05-26T10:04:06	Guide_Pressure	830
2010-05-26T10:04:09	Guide_Pressure	840
2010-05-26T10:04:13	Guide_Pressure	830
2010-05-26T10:04:15	Moderator_Temp	35
2010-05-26T10:04:19	Guide_Pressure	840
2010-05-26T10:04:22	Guide_Pressure	830
2010-05-26T10:04:31	Moderator_Temp	36
2010-05-26T10:04:48	Guide_Pressure	840
2010-05-26T10:04:50	JEast	175.161
2010-05-26T10:04:50	JWest	-237.017
2010-05-26T10:04:50	JNorth	174.215
2010-05-26T10:04:50	JSouth	-99.192
2010-05-26T10:04:51	Guide_Pressure	820
2010-05-26T10:04:51	JEast	170.911
2010-05-26T10:04:51	JNorth	169.965
2010-05-26T10:04:51	JSouth	-94.943
2010-05-26T10:04:52	JEast	166.723
2010-05-26T10:04:52	JNorth	165.777
2010-05-26T10:04:52	JSouth	-90.755
2010-05-26T10:04:53	JEast	162.683
2010-05-26T10:04:53	JNorth	161.739
2010-05-26T10:04:53	JSouth	-86.715
2010-05-26T10:04:54	Guide_Pressure	830
2010-05-26T10:04:54	JEast	158.113
2010-05-26T10:04:54	JNorth	157.17
2010-05-26T10:04:54	JSouth	-82.145
2010-05-26T10:04:55	JEast	154.165
2010-05-26T10:04:55	JNorth	153.219
2010-05-26T10:04:55	JSouth	-78.197
2010-05-26T10:04:56	JEast	149.495
2010-05-26T10:04:56	JNorth	148.551
2010-05-26T10:04:56	JSouth	-73.527
2010-05-26T10:04:58	Guide_Pressure	820
2010-05-26T10:04:58	JEast	144.152
2010-05-26T10:04:58	JNorth	143.207
2010-05-26T10:04:58	JSouth	-68.184
2010-05-26T10:04:59	JEast	137.223
2010-05-26T10:04:59	JNorth	136.277
2010-05-26T10:04:59	JSouth	-61.255
2010-05-26T10:05:00	Guide_Pressure	830
2010-05-26T10:05:00	JEast	133.732
2010-05-26T10:05:00	JNorth	132.117
2010-05-26T10:05:00	JSouth	-57.095
2010-05-26T10:05:02	JEast	128.491
2010-05-26T10:05:02	JNorth	127.548
2010-05-26T10:05:02	JSouth	-52.523
2010-05-26T10:05:03	JEast	124.321
2010-05-26T10:05:03	JNorth	123.376
2010-05-26T10:05:03	JSouth	-48.359
2010-05-26T10:05:03	Table	2.919
2010-05-26T10:05:04	JEast	119.797
2010-05-26T10:05:04	JNorth	118.309
2010-05-26T10:05:04	JSouth	-46.999
2010-05-26T10:05:04	Table	10.014
2010-05-26T10:05:05	JEast	115.165
2010-05-26T10:05:05	JNorth	112.898
2010-05-26T10:05:05	Table	16.660
2010-05-26T10:05:06	JEast	109.598
2010-05-26T10:05:06	JNorth	108.652
2010-05-26T10:05:06	Table	24.319
2010-05-26T10:05:08	JEast	104.509
2010-05-26T10:05:08	JNorth	103.563
2010-05-26T10:05:08	Table	31.596
2010-05-26T10:05:09	JEast	99.370
2010-05-26T10:05:09	JNorth	98.426
2010-05-26T10:05:09	Table	37.859
2010-05-26T10:05:10	Guide_Pressure	820
2010-05-26T10:05:10	JEast	94.46
2010-05-26T10:05:10	JNorth	93.517
2010-05-26T10:05:10	Table	44.736
2010-05-26T10:05:11	JEast	89.897
2010-05-26T10:05:11	JNorth	87.871
2010-05-26T10:05:11	Table	52.641
2010-05-26T10:05:13	JEast	83.817
2010-05-26T10:05:13	JNorth	83.998
2010-05-26T10:05:13	Table	60.392
2010-05-26T10:05:14	JEast	79.210
2010-05-26T10:05:14	Table	66.847
2010-05-26T10:05:15	JEast	74.044
2010-05-26T10:05:15	Table	74.253
2010-05-26T10:05:16	Guide_Pressure	830
2010-05-26T10:05:16	JEast	69.300
2010-05-26T10:05:16	Table	80.730
2010-05-26T10:05:18	JEast	64.040
2010-05-26T10:05:18	Table	89.052
2010-05-26T10:05:19	Guide_Pressure	820
2010-05-26T10:05:19	JEast	57.536
2010-05-26T10:05:19	Table	96.447
2010-05-26T10:05:20	JEast	53.050
2010-05-26T10:05:20	Sample	663.207
2010-05-26T10:05:20	Table	104.489
2010-05-26T10:05:22	JEast	47.800
2010-05-26T10:05:22	Sample	635.68
2010-05-26T10:05:22	Table	110.824
2010-05-26T10:05:23	Guide_Pressure	830
2010-05-26T10:05:23	JEast	44.061
2010-05-26T10:05:23	Sample	608.825
2010-05-26T10:05:23	Table	116.699
2010-05-26T10:05:24	JEast	43.998
2010-05-26T10:05:24	Sample	578.76
2010-05-26T10:05:24	Table	123.281
2010-05-26T10:05:25	Guide_Pressure	820
2010-05-26T10:05:25	Sample	549.637
2010-05-26T10:05:25	Table	129.653
2010-05-26T10:05:26	Sample	521.287
2010-05-26T10:05:26	Table	135.857
2010-05-26T10:05:27	Sample	499.065
2010-05-26T10:05:27	Table	141.029
2010-05-26T10:05:28	Sample	498.4
2010-05-26T10:05:28	Table	141.343
2010-05-26T10:05:37	Guide1	0.9
2010-05-26T10:05:38	Guide1	1.94
2010-05-26T10:05:39	Guide1	2.04
2010-05-26T10:05:45	Guide1	1.54
2010-05-26T10:05:46	Guide1	1
2010-05-26T10:05:47	Guide_Pressure	830
2010-05-26T10:05:49	Moderator_Temp	37
2010-05-26T10:05:50	Guide_Pressure	820
2010-05-26T10:05:54	Moderator_Temp	36
2010-05-26T10:05:59	Moderator_Temp	37
2010-05-26T10:06:00	Guide_Pressure	830
2010-05-26T10:06:04	Guide_Pressure	820
2010-05-26T10:06:40	Guide_Pressure	810
2010-05-26T10:06:43	Guide_Pressure	820
2010-05-26T10:06:55	Guide_Pressure	810
2010-05-26T10:06:59	Guide_Pressure	820
2010-05-26T10:07:09	Guide_Pressure	810
2010-05-26T10:07:12	Guide_Pressure	820
2010-05-26T10:07:13	S4	673.932
2010-05-26T10:07:21	Guide_Pressure	810
2010-05-26T10:07:27	Guide_Pressure	820
2010-05-26T10:07:31	Guide_Pressure	860
2010-05-26T10:07:34	Guide_Pressure	680
2010-05-26T10:07:35	S6_real	10.57
2010-05-26T10:07:36	S6_real	12.612
2010-05-26T10:07:37	Guide_Pressure	530
2010-05-26T10:07:37	S6_real	15.742
2010-05-26T10:07:38	S6_real	18.368
2010-05-26T10:07:40	Guide_Pressure	370
2010-05-26T10:07:40	S6_real	21.335
2010-05-26T10:07:41	S6_real	23.950
2010-05-26T10:07:42	S6_real	26.920
2010-05-26T10:07:43	Guide_Pressure	210
2010-05-26T10:07:43	S6_real	29.563
2010-05-26T10:07:44	S6_real	30.499
2010-05-26T10:07:46	Guide_Pressure	88
2010-05-26T10:07:50	Guide_Pressure	56
2010-05-26T10:07:53	Guide_Pressure	31
2010-05-26T10:07:56	Guide_Pressure	19
2010-05-26T10:07:59	Guide_Pressure	13
2010-05-26T10:08:02	Guide_Pressure	10
2010-05-26T10:08:02	Sample	498.142
2010-05-26T10:08:03	Sample	476.73
2010-05-26T10:08:04	Sample	449.302
2010-05-26T10:08:05	Guide_Pressure	8.8
2010-05-26T10:08:05	Sample	417.177
2010-05-26T10:08:06	Sample	392.677
2010-05-26T10:08:07	Sample	363.272
2010-05-26T10:08:09	Guide_Pressure	8
2010-05-26T10:08:09	Sample	332.15
2010-05-26T10:08:10	Sample	304.512
2010-05-26T10:08:11	Sample	277.872
2010-05-26T10:08:12	Guide_Pressure	7.6
2010-05-26T10:08:12	Sample	251.725
2010-05-26T10:08:13	Sample	220.32
2010-05-26T10:08:14	Sample	195.152
2010-05-26T10:08:15	Guide_Pressure	7.4
2010-05-26T10:08:15	Sample	168.402
2010-05-26T10:08:16	Sample	167.1
2010-05-26T10:08:19	Guide_Pressure	7.3
2010-05-26T10:08:24	Guide_Pressure	7.2
2010-05-26T10:08:44	Guide_Pressure	7.1
2010-05-26T10:08:47	Table	145.840
2010-05-26T10:08:48	Table	152.327
2010-05-26T10:08:49	Table	158.552
2010-05-26T10:08:50	Table	164.684
2010-05-26T10:08:51	Table	170.205
2010-05-26T10:08:52	Table	176.513
2010-05-26T10:08:53	Table	182.776
2010-05-26T10:08:55	Table	189.816
2010-05-26T10:08:56	Guide_Pressure	150
2010-05-26T10:08:56	Table	195.456
2010-05-26T10:08:57	Table	201.129
2010-05-26T10:08:58	Table	207.398
2010-05-26T10:08:59	Guide_Pressure	320
2010-05-26T10:08:59	Table	213.624
2010-05-26T10:09:00	Table	219.706
2010-05-26T10:09:01	Table	226.189
2010-05-26T10:09:02	Guide_Pressure	230
2010-05-26T10:09:02	Table	232.381
2010-05-26T10:09:03	Table	238.147
2010-05-26T10:09:04	Table	243.809
2010-05-26T10:09:06	Guide_Pressure	130
2010-05-26T10:09:06	Table	250.303
2010-05-26T10:09:07	Table	256.501
2010-05-26T10:09:08	Table	262.824
2010-05-26T10:09:09	Guide_Pressure	74
2010-05-26T10:09:09	Table	269.022
2010-05-26T10:09:10	Table	275.368
2010-05-26T10:09:11	Guide_Pressure	53
2010-05-26T10:09:11	Table	283.180
2010-05-26T10:09:12	Table	289.575
2010-05-26T10:09:14	Table	295.817
2010-05-26T10:09:15	Guide_Pressure	33
2010-05-26T10:09:15	Table	302.048
2010-05-26T10:09:16	Table	308.891
2010-05-26T10:09:17	Table	315.374
2010-05-26T10:09:18	Guide_Pressure	22
2010-05-26T10:09:18	Table	321.681
2010-05-26T10:14:39	Moderator_Temp	38
2010-05-26T10:14:39	Guide_Pressure	6.8
2010-05-26T10:14:39	Table	354.502
2010-05-26T10:15:32	Sample	175.595
2010-05-26T10:15:56	Sample	175.85
2010-05-26T10:18:05	Guide_Pressure	6.7
2010-05-26T10:18:07	Guide_Pressure	6.8
2010-05-26T10:18:24	Guide_Pressure	6.7
2010-05-26T10:18:27	Guide_Pressure	6.8
2010-05-26T10:18:29	Guide_Pressure	6.7
2010-05-26T10:18:58	Guide_Pressure	6.8
2010-05-26T10:19:01	Guide_Pressure	6.7
2010-05-26T10:19:06	Moderator_Temp	37
2010-05-26T10:19:08	Moderator_Temp	36
2010-05-26T10:19:12	Moderator_Temp	35
2010-05-26T10:19:16	Moderator_Temp	36
2010-05-26T10:19:30	Moderator_Temp	37
2010-05-26T10:20:04	Moderator_Temp	38
2010-05-26T10:20:53	Sample	164.057
2010-05-26T10:20:54	Sample	137.73
2010-05-26T10:20:56	Sample	106.83
2010-05-26T10:20:57	Sample	78.807
2010-05-26T10:20:58	Sample	51.317
2010-05-26T10:20:59	Sample	49.85
2010-05-26T10:21:49	Sample	57.242
2010-05-26T10:21:51	Sample	83.797
2010-05-26T10:21:52	Sample	91.85
2010-05-26T10:21:57	Sample	93.317
2010-05-26T10:21:58	Sample	117.972
2010-05-26T10:21:59	Sample	133.85
2010-05-26T10:22:04	Sample	149.422
2010-05-26T10:22:05	Sample	174.325
2010-05-26T10:22:06	Sample	175.85
2010-05-26T10:22:10	Sample	192.097
2010-05-26T10:22:11	Sample	216.42
2010-05-26T10:22:12	Sample	217.85
2010-05-26T10:22:18	Sample	239.522
2010-05-26T10:22:19	Sample	259.852
2010-05-26T10:22:25	Sample	279.342
2010-05-26T10:22:26	Sample	301.845
2010-05-26T10:23:44	TEMP1	25.787
2010-05-26T10:23:46	TEMP1	25.684
2010-05-26T10:23:47	TEMP1	25.787
2010-05-26T10:23:47	TEMP2	23.519
2010-05-26T10:23:52	TEMP2	23.622
2010-05-26T10:23:53	TEMP2	23.519
2010-05-26T10:23:55	TEMP2	23.622
2010-05-26T10:24:33	Sample	305.715
2010-05-26T10:24:34	Sample	335.022
2010-05-26T10:24:35	Sample	361.322
2010-05-26T10:24:36	Sample	388.672
2010-05-26T10:24:37	Sample	419.622
2010-05-26T10:24:39	Sample	450.422
2010-05-26T10:24:40	Sample	476.172
2010-05-26T10:24:41	Sample	497.605
2010-05-26T10:25:02	TEMP2	23.519
2010-05-26T10:26:45	TEMP1	25.890
2010-05-26T10:26:57	TEMP2	23.622
2010-05-26T10:28:00	TEMP2	23.519
2010-05-26T10:28:01	TEMP2	23.622
2010-05-26T10:28:07	TEMP2	23.519
2010-05-26T10:28:08	TEMP2	23.622
2010-05-26T10:28:36	TEMP2	23.519
2010-05-26T10:28:37	TEMP2	23.622
2010-05-26T10:28:38	TEMP2	23.519
2010-05-26T10:29:18	TEMP2	23.622
2010-05-26T10:29:21	TEMP2	23.519
2010-05-26T10:29:24	TEMP2	23.622
2010-05-26T10:29:26	TEMP2	23.519
2010-05-26T10:29:28	TEMP2	23.622
2010-05-26T10:30:01	Moderator_Temp	37
2010-05-26T10:30:08	Moderator_Temp	36
2010-05-26T10:30:13	Moderator_Temp	35
2010-05-26T10:30:15	Moderator_Temp	36
2010-05-26T10:30:28	Moderator_Temp	37
2010-05-26T10:30:47	Moderator_Temp	38
2010-05-26T10:31:21	Guide_Pressure	6.6
2010-05-26T10:31:24	Guide_Pressure	6.7
2010-05-26T10:31:26	Moderator_Temp	37
2010-05-26T10:31:29	Moderator_Temp	36
2010-05-26T10:31:32	Moderator_Temp	35
2010-05-26T10:31:44	Moderator_Temp	36
2010-05-26T10:32:05	Moderator_Temp	37
2010-05-26T10:32:09	TEMP1	25.993
2010-05-26T10:32:10	TEMP1	25.890
2010-05-26T10:32:14	Guide_Pressure	6.6
2010-05-26T10:32:14	TEMP1	25.993
2010-05-26T10:32:17	Guide_Pressure	6.7
2010-05-26T10:32:22	Moderator_Temp	38
2010-05-26T10:32:32	Guide_Pressure	6.6
2010-05-26T10:32:36	Guide_Pressure	6.7
2010-05-26T10:32:42	Guide_Pressure	6.6
2010-05-26T10:32:49	Guide_Pressure	6.7
2010-05-26T10:32:58	Guide_Pressure	6.6
2010-05-26T10:33:01	Guide_Pressure	6.7
2010-05-26T10:33:04	Guide_Pressure	6.6
2010-05-26T10:33:23	Guide_Pressure	6.7
2010-05-26T10:33:30	Guide_Pressure	6.6
2010-05-26T10:33:32	Guide_Pressure	6.7
2010-05-26T10:33:35	Guide_Pressure	6.6
2010-05-26T10:33:39	Guide_Pressure	6.7
2010-05-26T10:33:42	Guide_Pressure	6.6
2010-05-26T10:33:45	Guide_Pressure	6.7
2010-05-26T10:33:51	Guide_Pressure	6.6
2010-05-26T10:36:06	TEMP2	23.725
2010-05-26T10:36:07	TEMP2	23.622
2010-05-26T10:36:14	Rear_Det_Temp	NaN
2010-05-26T10:36:23	TEMP2	23.725
2010-05-26T10:36:30	Rear_Det_Temp	32.6
2010-05-26T10:36:52	TEMP2	23.622
2010-05-26T10:36:55	TEMP2	23.725
2010-05-26T10:37:09	TEMP2	23.622
2010-05-26T10:38:08	TEMP2	23.725
2010-05-26T10:38:09	TEMP2	23.622
2010-05-26T10:38:14	TEMP2	23.725
2010-05-26T10:38:18	TEMP2	23.622
2010-05-26T10:38:21	TEMP2	23.725
2010-05-26T10:38:31	TEMP2	23.622
2010-05-26T10:38:32	TEMP2	23.725
2010-05-26T10:38:35	TEMP2	23.622
2010-05-26T10:38:38	TEMP2	23.725
2010-05-26T10:38:44	TEMP2	23.622
2010-05-26T10:38:57	TEMP2	23.725
2010-05-26T10:38:59	TEMP2	23.622
2010-05-26T10:39:03	TEMP2	23.725
2010-05-26T10:39:04	TEMP2	23.622
2010-05-26T10:39:05	TEMP2	23.725
2010-05-26T10:39:07	TEMP2	23.622
2010-05-26T10:39:08	TEMP2	23.725
2010-05-26T10:39:11	TEMP2	23.622
2010-05-26T10:39:29	Table	353.504
2010-05-26T10:39:30	Table	346.760
2010-05-26T10:39:31	Table	340.863
2010-05-26T10:39:33	Table	334.254
2010-05-26T10:39:34	Table	328.078
2010-05-26T10:39:35	Table	322.050
2010-05-26T10:39:36	Table	315.731
2010-05-26T10:39:37	Table	309.201
2010-05-26T10:39:38	Table	303.970
2010-05-26T10:39:39	Table	297.126
2010-05-26T10:39:40	Table	291.120
2010-05-26T10:39:40	TEMP2	23.725
2010-05-26T10:39:41	Table	285.146
2010-05-26T10:39:42	Table	278.587
2010-05-26T10:39:44	Table	271.388
2010-05-26T10:39:45	Table	264.960
2010-05-26T10:39:46	Table	258.467
2010-05-26T10:39:47	Table	251.979
2010-05-26T10:39:48	Table	244.894
2010-05-26T10:39:50	Table	236.689
2010-05-26T10:39:51	Table	229.495
2010-05-26T10:39:52	Table	222.936
2010-05-26T10:39:54	Table	216.361
2010-05-26T10:39:55	Table	209.676
2010-05-26T10:39:55	TEMP2	23.622
2010-05-26T10:39:56	Table	200.885
2010-05-26T10:39:57	Table	194.714
2010-05-26T10:39:59	Table	188.346
2010-05-26T10:40:00	Table	180.989
2010-05-26T10:40:01	Table	174.096
2010-05-26T10:40:03	Table	165.775
2010-05-26T10:40:04	Table	158.768
2010-05-26T10:40:05	Table	152.050
2010-05-26T10:40:06	Table	144.626
2010-05-26T10:40:08	Table	141.920
2010-05-26T10:40:25	TEMP2	23.725
2010-05-26T10:40:26	TEMP1	26.096
2010-05-26T10:40:28	TEMP1	25.993
2010-05-26T10:40:32	TEMP2	23.622
2010-05-26T10:40:34	TEMP2	23.725
2010-05-26T10:40:36	TEMP2	23.622
2010-05-26T10:40:38	TEMP2	23.725
2010-05-26T10:40:40	TEMP1	26.096
2010-05-26T10:40:41	TEMP2	23.622
2010-05-26T10:40:41	Rear_Det_Temp	NaN
2010-05-26T10:40:43	TEMP1	25.993
2010-05-26T10:40:45	TEMP1	26.096
2010-05-26T10:40:48	TEMP1	25.993
2010-05-26T10:40:50	TEMP1	26.096
2010-05-26T10:40:50	TEMP2	23.725
2010-05-26T10:40:55	TEMP2	23.622
2010-05-26T10:41:00	TEMP1	25.993
2010-05-26T10:41:00	Rear_Det_Temp	32.5
2010-05-26T10:41:01	TEMP1	26.096
2010-05-26T10:41:03	TEMP2	23.725
2010-05-26T10:41:07	TEMP2	23.622
2010-05-26T10:41:09	TEMP2	23.725
2010-05-26T10:41:35	TEMP2	23.622
2010-05-26T10:41:36	Beam_Shutter	MOVING
2010-05-26T10:41:36	TEMP2	23.725
2010-05-26T10:41:38	Sample	471.93
2010-05-26T10:41:39	Sample	448.98
2010-05-26T10:41:39	TEMP2	23.622
2010-05-26T10:41:40	Sample	419.43
2010-05-26T10:41:41	Sample	389.855
2010-05-26T10:41:42	Sample	365.355
2010-05-26T10:41:43	Sample	337.03
2010-05-26T10:41:44	Sample	306.13
2010-05-26T10:41:45	Sample	279.202
2010-05-26T10:41:47	Sample	248.73
2010-05-26T10:41:48	Sample	222.68
2010-05-26T10:41:49	Sample	197.46
2010-05-26T10:41:50	Sample	196.1
2010-05-26T10:42:11	TEMP2	23.725
2010-05-26T10:42:12	TEMP2	23.622
2010-05-26T10:42:13	TEMP2	23.725
2010-05-26T10:42:14	TEMP2	23.622
2010-05-26T10:42:15	TEMP2	23.725
2010-05-26T10:42:16	TEMP2	23.622
2010-05-26T10:42:18	TEMP2	23.725
2010-05-26T10:42:19	Beam_Shutter	OPEN
2010-05-26T10:42:43	TEMP2	23.622
2010-05-26T10:43:39	TEMP2	23.725
2010-05-26T10:43:50	TEMP2	23.622
2010-05-26T10:43:51	TEMP2	23.725
2010-05-26T10:43:52	TEMP2	23.622
2010-05-26T10:43:55	TEMP2	23.725
2010-05-26T10:44:06	Fast_Shutter	OPEN
2010-05-26T10:44:09	Moderator_Temp	38
2010-05-26T10:44:09	Beam_Shutter	OPEN
2010-05-26T10:44:09	Fast_Shutter	OPEN
2010-05-26T10:44:09	Guide_Pressure	6.6
2010-05-26T10:44:09	S6	Medium
2010-05-26T10:44:09	M3	OUT
2010-05-26T10:44:09	S6_real	30.499
2010-05-26T10:44:09	JEast	43.998
2010-05-26T10:44:09	JWest	-237.014
2010-05-26T10:44:09	JNorth	83.999
2010-05-26T10:44:09	JSouth	-46.999
2010-05-26T10:44:09	Sample	196.102
2010-05-26T10:44:09	Table	141.932
2010-05-26T10:44:09	Guide5	269.94
2010-05-26T10:44:09	Guide4	0.02
2010-05-26T10:44:09	Guide3	269.94
2010-05-26T10:44:09	Guide2	269.96
2010-05-26T10:44:09	Guide1	1
2010-05-26T10:44:09	S5	810.93
2010-05-26T10:44:09	S4	673.924
2010-05-26T10:44:09	S3	810.052
2010-05-26T10:44:09	S2	674.979
2010-05-26T10:44:09	S1	810
2010-05-26T10:44:09	Rear_Det_Z	7999.008
2010-05-26T10:44:09	Rear_Baffle_Z	5800.126
2010-05-26T10:44:09	Front_Baffle_Z	3599.996
2010-05-26T10:44:09	Front_Det_Z	1419.968
2010-05-26T10:44:09	Rear_Stop1_Y	1133.997
2010-05-26T10:44:09	Rear_Stop2_Y	381.498
2010-05-26T10:44:09	Rear_Stop3_Y	1133.997
2010-05-26T10:44:09	Rear_Stops_X	-1199.000
2010-05-26T10:44:09	Rear_Det_X	-270.064
2010-05-26T10:44:09	Front_Det_X	-1272.128
2010-05-26T10:44:09	Front_Det_Rot	-19.991
2010-05-26T10:44:09	Front_Stop_Rot	0.000
2010-05-26T10:44:09	TEMP1	26.096
2010-05-26T10:44:09	TEMP2	23.725
2010-05-26T10:44:09	Height	topstandard
2010-05-26T10:44:09	Changer	FT
2010-05-26T10:44:09	Julabo_1	41.55
2010-05-26T10:44:09	Julabo_2	25
2010-05-26T10:44:09	Rear_Det_Temp	32.6
2010-05-26T10:44:09	Rear_Det_old_Temp	0
2010-05-26T10:44:09	ThurlbyC2	0
2010-05-26T10:44:09	ThurlbyV2	0
2010-05-26T10:44:09	ThurlbyC	0
2010-05-26T10:44:09	ThurlbyV	0
2010-05-26T10:44:09	ThurlbyOff	0
2010-05-26T10:44:09	Thurlby2Off	0
2010-05-26T10:44:09	TD_phase	3000
2010-05-26T10:44:09	ID_phase	97000
2010-05-26T10:49:10	TEMP2	23.622
2010-05-26T10:49:11	TEMP2	23.725
2010-05-26T10:49:12	TEMP2	23.622
2010-05-26T10:49:13	TEMP2	23.725
2010-05-26T10:49:15	TEMP2	23.622
2010-05-26T10:49:20	TEMP2	23.725
2010-05-26T10:50:53	TEMP2	23.622
2010-05-26T10:51:03	TEMP2	23.725
2010-05-26T10:51:16	TEMP2	23.622
2010-05-26T10:51:19	TEMP2	23.725
2010-05-26T10:51:29	TEMP2	23.622
2010-05-26T10:51:35	TEMP2	23.725
2010-05-26T10:51:36	TEMP2	23.622
2010-05-26T10:51:38	TEMP2	23.725
2010-05-26T10:51:52	Rear_Det_Temp	NaN
2010-05-26T10:51:59	Rear_Det_Temp	32.5
2010-05-26T11:01:34	TEMP2	23.828
2010-05-26T11:01:41	TEMP2	23.725
2010-05-26T11:01:42	TEMP2	23.828
2010-05-26T11:01:45	Moderator_Temp	37
2010-05-26T11:01:48	Moderator_Temp	36
2010-05-26T11:01:49	TEMP2	23.725
2010-05-26T11:01:50	TEMP2	23.828
2010-05-26T11:01:54	Moderator_Temp	35
2010-05-26T11:01:56	TEMP2	23.725
2010-05-26T11:01:57	TEMP2	23.828
2010-05-26T11:01:58	Moderator_Temp	34
2010-05-26T11:02:07	Moderator_Temp	33
2010-05-26T11:02:10	Moderator_Temp	34
2010-05-26T11:02:19	Moderator_Temp	35
2010-05-26T11:02:26	Moderator_Temp	36
2010-05-26T11:02:38	Moderator_Temp	37
2010-05-26T11:03:00	TEMP2	23.725
2010-05-26T11:03:02	TEMP2	23.828
2010-05-26T11:03:04	TEMP2	23.725
2010-05-26T11:03:05	TEMP2	23.828
2010-05-26T11:03:07	TEMP2	23.725
2010-05-26T11:03:08	TEMP2	23.828
2010-05-26T11:03:11	Moderator_Temp	38
2010-05-26T11:03:11	TEMP2	23.725
2010-05-26T11:03:13	TEMP2	23.828
2010-05-26T11:03:14	Moderator_Temp	37
2010-05-26T11:03:17	TEMP2	23.725
2010-05-26T11:03:18	Moderator_Temp	38
2010-05-26T11:03:18	TEMP2	23.828
2010-05-26T11:03:19	TEMP2	23.725
2010-05-26T11:03:20	TEMP2	23.828
2010-05-26T11:04:21	Moderator_Temp	36
2010-05-26T11:04:26	Moderator_Temp	35
2010-05-26T11:04:28	Moderator_Temp	34
2010-05-26T11:04:31	Moderator_Temp	35
2010-05-26T11:04:33	Moderator_Temp	36
2010-05-26T11:04:50	Moderator_Temp	37
2010-05-26T11:05:13	Moderator_Temp	38
2010-05-26T11:05:45	Moderator_Temp	37
2010-05-26T11:05:48	Moderator_Temp	36
2010-05-26T11:05:57	Moderator_Temp	35
2010-05-26T11:06:00	Moderator_Temp	36
2010-05-26T11:06:12	Moderator_Temp	37
2010-05-26T11:06:33	Moderator_Temp	38
2010-05-26T11:06:41	Moderator_Temp	37
2010-05-26T11:06:43	Moderator_Temp	38
2010-05-26T11:13:44	Rear_Det_Temp	NaN
2010-05-26T11:13:59	Rear_Det_Temp	32.5
2010-05-26T11:15:32	Moderator_Temp	38
2010-05-26T11:15:32	Beam_Shutter	OPEN
2010-05-26T11:15:32	Fast_Shutter	OPEN
2010-05-26T11:15:32	Guide_Pressure	6.6
2010-05-26T11:15:32	S6	Medium
2010-05-26T11:15:32	M3	OUT
2010-05-26T11:15:32	S6_real	30.499
2010-05-26T11:15:32	JEast	43.998
2010-05-26T11:15:32	JWest	-237.014
2010-05-26T11:15:32	JNorth	83.999
2010-05-26T11:15:32	JSouth	-46.999
2010-05-26T11:15:32	Sample	196.102
2010-05-26T11:15:32	Table	141.932
2010-05-26T11:15:32	Guide5	269.94
2010-05-26T11:15:32	Guide4	0.02
2010-05-26T11:15:32	Guide3	269.94
2010-05-26T11:15:32	Guide2	269.96
2010-05-26T11:15:32	Guide1	1
2010-05-26T11:15:32	S5	810.93
2010-05-26T11:15:32	S4	673.924
2010-05-26T11:15:32	S3	810.052
2010-05-26T11:15:32	S2	674.978
2010-05-26T11:15:32	S1	810
2010-05-26T11:15:32	Rear_Det_Z	7999.008
2010-05-26T11:15:32	Rear_Baffle_Z	5800.126
2010-05-26T11:15:32	Front_Baffle_Z	3599.996
2010-05-26T11:15:32	Front_Det_Z	1419.968
2010-05-26T11:15:32	Rear_Stop1_Y	1133.997
2010-05-26T11:15:32	Rear_Stop2_Y	381.498
2010-05-26T11:15:32	Rear_Stop3_Y	1133.997
2010-05-26T11:15:32	Rear_Stops_X	-1199.000
2010-05-26T11:15:32	Rear_Det_X	-270.064
2010-05-26T11:15:32	Front_Det_X	-1272.128
2010-05-26T11:15:32	Front_Det_Rot	-19.991
2010-05-26T11:15:32	Front_Stop_Rot	0.000
2010-05-26T11:15:32	TEMP1	26.096
2010-05-26T11:15:32	TEMP2	23.828
2010-05-26T11:15:32	Height	topstandard
2010-05-26T11:15:32	Changer	FT
2010-05-26T11:15:32	Julabo_1	41.54
2010-05-26T11:15:32	Julabo_2	25.01
2010-05-26T11:15:32	Rear_Det_Temp	32.5
2010-05-26T11:15:32	Rear_Det_old_Temp	0
2010-05-26T11:15:32	ThurlbyC2	0
2010-05-26T11:15:32	ThurlbyV2	0
2010-05-26T11:15:32	ThurlbyC	0
2010-05-26T11:15:32	ThurlbyV	0
2010-05-26T11:15:32	ThurlbyOff	0
2010-05-26T11:15:32	Thurlby2Off	0
2010-05-26T11:15:32	TD_phase	3000
2010-05-26T11:15:32	ID_phase	97000
