2009-08-13T12:16:25	S6	Large
2009-08-13T12:16:25	M3	OUT
2009-08-13T12:16:25	S6_real	10.50275
2009-08-13T12:16:25	JEast	158.0005
2009-08-13T12:16:25	JWest	-621.005
2009-08-13T12:16:25	JNorth	227.9995
2009-08-13T12:16:25	JSouth	-126.9995
2009-08-13T12:16:25	Guide5	270.06
2009-08-13T12:16:25	Guide4	270.06
2009-08-13T12:16:25	Guide3	0.14
2009-08-13T12:16:25	Guide2	270.08
2009-08-13T12:16:25	Guide1	0.14
2009-08-13T12:16:25	S5	540.009
2009-08-13T12:16:25	S4	404.981
2009-08-13T12:16:25	S3	540.039
2009-08-13T12:16:25	S2	540.081
2009-08-13T12:16:25	S1	540.074
2009-08-13T12:16:25	Rear_Det_Z	3999.072
2009-08-13T12:16:25	Rear_Baffle_Z	3800.00131
2009-08-13T12:16:25	Front_Baffle_Z	3550.02111
2009-08-13T12:16:25	Front_Det_Z	2501.056
2009-08-13T12:16:25	BS1	1123.00656
2009-08-13T12:16:25	BS2	1122.99336
2009-08-13T12:16:25	BS3	378.99764
2009-08-13T12:16:25	BS_Pillar_X	-1188.00175
2009-08-13T12:16:25	Rear_Det_X	100.064
2009-08-13T12:16:25	Front_Det_X	-1049.984
2009-08-13T12:16:25	Front_Det_Rot	-21.00606
2009-08-13T12:16:25	Front_BS_Rot	0
2009-08-13T12:16:25	TEMP1	24.75601
2009-08-13T12:16:25	TEMP2	23.82823
2009-08-13T12:44:12	S6	Large
2009-08-13T12:44:12	M3	OUT
2009-08-13T12:44:12	S6_real	10.50275
2009-08-13T12:44:12	JEast	158.0005
2009-08-13T12:44:12	JWest	-621.005
2009-08-13T12:44:12	JNorth	227.9995
2009-08-13T12:44:12	JSouth	-126.9995
2009-08-13T12:44:12	Guide5	270.06
2009-08-13T12:44:12	Guide4	270.06
2009-08-13T12:44:12	Guide3	0.14
2009-08-13T12:44:12	Guide2	270.08
2009-08-13T12:44:12	Guide1	0.14
2009-08-13T12:44:12	S5	540.009
2009-08-13T12:44:12	S4	404.981
2009-08-13T12:44:12	S3	540.039
2009-08-13T12:44:12	S2	540.081
2009-08-13T12:44:12	S1	540.074
2009-08-13T12:44:12	Rear_Det_Z	3999.072
2009-08-13T12:44:12	Rear_Baffle_Z	3800.00131
2009-08-13T12:44:12	Front_Baffle_Z	3550.02111
2009-08-13T12:44:12	Front_Det_Z	2501.056
2009-08-13T12:44:12	BS1	1123.00656
2009-08-13T12:44:12	BS2	1122.99336
2009-08-13T12:44:12	BS3	378.99764
2009-08-13T12:44:12	BS_Pillar_X	-1188.00175
2009-08-13T12:44:12	Rear_Det_X	100.064
2009-08-13T12:44:12	Front_Det_X	-1049.984
2009-08-13T12:44:12	Front_Det_Rot	-21.00606
2009-08-13T12:44:12	Front_BS_Rot	0
2009-08-13T12:44:12	TEMP1	24.75601
2009-08-13T12:44:12	TEMP2	23.82823
