2009-08-13T11:24:52	S6	Transmission
2009-08-13T11:24:52	M3	IN
2009-08-13T11:24:52	S6_real	70.29775
2009-08-13T11:24:52	JEast	158.0005
2009-08-13T11:24:52	JWest	-621.005
2009-08-13T11:24:52	JNorth	227.9995
2009-08-13T11:24:52	JSouth	-126.9995
2009-08-13T11:24:52	Guide5	270.06
2009-08-13T11:24:52	Guide4	270.06
2009-08-13T11:24:52	Guide3	0.14
2009-08-13T11:24:52	Guide2	270.08
2009-08-13T11:24:52	Guide1	0.14
2009-08-13T11:24:52	S5	540.009
2009-08-13T11:24:52	S4	404.981
2009-08-13T11:24:52	S3	540.039
2009-08-13T11:24:52	S2	540.081
2009-08-13T11:24:52	S1	540.073
2009-08-13T11:24:52	Rear_Det_Z	3999.072
2009-08-13T11:24:52	Rear_Baffle_Z	3800.00131
2009-08-13T11:24:52	Front_Baffle_Z	3550.02111
2009-08-13T11:24:52	Front_Det_Z	2501.056
2009-08-13T11:24:52	BS1	1123.00656
2009-08-13T11:24:52	BS2	1122.99336
2009-08-13T11:24:52	BS3	378.99764
2009-08-13T11:24:52	BS_Pillar_X	-1188.00175
2009-08-13T11:24:52	Rear_Det_X	100.064
2009-08-13T11:24:52	Front_Det_X	-1049.984
2009-08-13T11:24:52	Front_Det_Rot	-21.00606
2009-08-13T11:24:52	Front_BS_Rot	0
2009-08-13T11:24:52	TEMP1	24.75601
2009-08-13T11:24:52	TEMP2	23.93130
2009-08-13T11:36:04	S6	Transmission
2009-08-13T11:36:04	M3	IN
2009-08-13T11:36:04	S6_real	70.29775
2009-08-13T11:36:04	JEast	158.0005
2009-08-13T11:36:04	JWest	-621.005
2009-08-13T11:36:04	JNorth	227.9995
2009-08-13T11:36:04	JSouth	-126.9995
2009-08-13T11:36:04	Guide5	270.06
2009-08-13T11:36:04	Guide4	270.06
2009-08-13T11:36:04	Guide3	0.14
2009-08-13T11:36:04	Guide2	270.08
2009-08-13T11:36:04	Guide1	0.14
2009-08-13T11:36:04	S5	540.009
2009-08-13T11:36:04	S4	404.981
2009-08-13T11:36:04	S3	540.039
2009-08-13T11:36:04	S2	540.081
2009-08-13T11:36:04	S1	540.074
2009-08-13T11:36:04	Rear_Det_Z	3999.072
2009-08-13T11:36:04	Rear_Baffle_Z	3800.00131
2009-08-13T11:36:04	Front_Baffle_Z	3550.02111
2009-08-13T11:36:04	Front_Det_Z	2501.056
2009-08-13T11:36:04	BS1	1123.00656
2009-08-13T11:36:04	BS2	1122.99336
2009-08-13T11:36:04	BS3	378.99764
2009-08-13T11:36:04	BS_Pillar_X	-1188.00175
2009-08-13T11:36:04	Rear_Det_X	100.064
2009-08-13T11:36:04	Front_Det_X	-1049.984
2009-08-13T11:36:04	Front_Det_Rot	-21.00606
2009-08-13T11:36:04	Front_BS_Rot	0
2009-08-13T11:36:04	TEMP1	24.75601
2009-08-13T11:36:04	TEMP2	23.93130
