2009-08-13T12:44:29	S6	Large
2009-08-13T12:44:29	M3	OUT
2009-08-13T12:44:29	S6_real	10.50275
2009-08-13T12:44:29	JEast	158.0005
2009-08-13T12:44:29	JWest	-621.005
2009-08-13T12:44:29	JNorth	227.9995
2009-08-13T12:44:29	JSouth	-126.9995
2009-08-13T12:44:29	Guide5	270.06
2009-08-13T12:44:29	Guide4	270.06
2009-08-13T12:44:29	Guide3	0.14
2009-08-13T12:44:29	Guide2	270.08
2009-08-13T12:44:29	Guide1	0.14
2009-08-13T12:44:29	S5	540.009
2009-08-13T12:44:29	S4	404.981
2009-08-13T12:44:29	S3	540.039
2009-08-13T12:44:29	S2	540.081
2009-08-13T12:44:29	S1	540.074
2009-08-13T12:44:29	Rear_Det_Z	3999.072
2009-08-13T12:44:29	Rear_Baffle_Z	3800.00131
2009-08-13T12:44:29	Front_Baffle_Z	3550.02111
2009-08-13T12:44:29	Front_Det_Z	2501.056
2009-08-13T12:44:29	BS1	1123.00656
2009-08-13T12:44:29	BS2	1122.99336
2009-08-13T12:44:29	BS3	378.99764
2009-08-13T12:44:29	BS_Pillar_X	-1188.00175
2009-08-13T12:44:29	Rear_Det_X	100.064
2009-08-13T12:44:29	Front_Det_X	-1049.984
2009-08-13T12:44:29	Front_Det_Rot	-21.00606
2009-08-13T12:44:29	Front_BS_Rot	0
2009-08-13T12:44:29	TEMP1	24.75601
2009-08-13T12:44:29	TEMP2	23.82823
2009-08-13T13:12:03	S6	Large
2009-08-13T13:12:03	M3	OUT
2009-08-13T13:12:03	S6_real	10.50275
2009-08-13T13:12:03	JEast	158.0005
2009-08-13T13:12:03	JWest	-621.005
2009-08-13T13:12:03	JNorth	227.9995
2009-08-13T13:12:03	JSouth	-126.9995
2009-08-13T13:12:03	Guide5	270.06
2009-08-13T13:12:03	Guide4	270.06
2009-08-13T13:12:03	Guide3	0.14
2009-08-13T13:12:03	Guide2	270.08
2009-08-13T13:12:03	Guide1	0.14
2009-08-13T13:12:03	S5	540.009
2009-08-13T13:12:03	S4	404.981
2009-08-13T13:12:03	S3	540.039
2009-08-13T13:12:03	S2	540.081
2009-08-13T13:12:03	S1	540.073
2009-08-13T13:12:03	Rear_Det_Z	3999.072
2009-08-13T13:12:03	Rear_Baffle_Z	3800.00131
2009-08-13T13:12:03	Front_Baffle_Z	3550.02111
2009-08-13T13:12:03	Front_Det_Z	2501.056
2009-08-13T13:12:03	BS1	1123.00656
2009-08-13T13:12:03	BS2	1122.99336
2009-08-13T13:12:03	BS3	378.99764
2009-08-13T13:12:03	BS_Pillar_X	-1188.00175
2009-08-13T13:12:03	Rear_Det_X	100.064
2009-08-13T13:12:03	Front_Det_X	-1049.984
2009-08-13T13:12:03	Front_Det_Rot	-21.00606
2009-08-13T13:12:03	Front_BS_Rot	0
2009-08-13T13:12:03	TEMP1	24.75601
2009-08-13T13:12:03	TEMP2	23.82823
