2009-08-06T03:33:15	S6	Medium
2009-08-06T03:33:15	M3	OUT
2009-08-06T03:33:15	S6_real	30.5025
2009-08-06T03:33:15	JEast	142.0005
2009-08-06T03:33:15	JWest	-319.997
2009-08-06T03:33:15	JNorth	133
2009-08-06T03:33:15	JSouth	-78
2009-08-06T03:33:15	Guide5	270.04
2009-08-06T03:33:15	Guide4	0.14
2009-08-06T03:33:15	Guide3	0.18
2009-08-06T03:33:15	Guide2	270.06
2009-08-06T03:33:15	Guide1	0.14
2009-08-06T03:33:15	S5	539.881
2009-08-06T03:33:15	S4	540.004
2009-08-06T03:33:15	S3	404.855
2009-08-06T03:33:15	S2	539.99
2009-08-06T03:33:15	S1	540.065
2009-08-06T03:33:15	Rear_Det_Z	6001.376
2009-08-06T03:33:15	Rear_Baffle_Z	5800.00131
2009-08-06T03:33:15	Front_Baffle_Z	5550.01451
2009-08-06T03:33:15	Front_Det_Z	4500.32
2009-08-06T03:33:15	BS1	1123.00656
2009-08-06T03:33:15	BS2	379.00424
2009-08-06T03:33:15	BS3	1119.99817
2009-08-06T03:33:15	BS_Pillar_X	-1186.99975
2009-08-06T03:33:15	Rear_Det_X	259.984
2009-08-06T03:33:15	Front_Det_X	-860
2009-08-06T03:33:15	Front_Det_Rot	-10.00719
2009-08-06T03:33:15	Front_BS_Rot	0
2009-08-06T03:33:15	TEMP1	0
2009-08-06T03:33:15	TEMP2	0
2009-08-06T05:31:28	S6	Medium
2009-08-06T05:31:28	M3	OUT
2009-08-06T05:31:28	S6_real	30.5025
2009-08-06T05:31:28	JEast	142.0005
2009-08-06T05:31:28	JWest	-319.997
2009-08-06T05:31:28	JNorth	133
2009-08-06T05:31:28	JSouth	-78
2009-08-06T05:31:28	Guide5	270.04
2009-08-06T05:31:28	Guide4	0.14
2009-08-06T05:31:28	Guide3	0.18
2009-08-06T05:31:28	Guide2	270.06
2009-08-06T05:31:28	Guide1	0.14
2009-08-06T05:31:28	S5	539.881
2009-08-06T05:31:28	S4	540.004
2009-08-06T05:31:28	S3	404.855
2009-08-06T05:31:28	S2	539.991
2009-08-06T05:31:28	S1	540.066
2009-08-06T05:31:28	Rear_Det_Z	6001.376
2009-08-06T05:31:28	Rear_Baffle_Z	5800.00131
2009-08-06T05:31:28	Front_Baffle_Z	5550.01451
2009-08-06T05:31:28	Front_Det_Z	4500.32
2009-08-06T05:31:28	BS1	1123.00656
2009-08-06T05:31:28	BS2	379.00424
2009-08-06T05:31:28	BS3	1119.99817
2009-08-06T05:31:28	BS_Pillar_X	-1186.99975
2009-08-06T05:31:28	Rear_Det_X	259.984
2009-08-06T05:31:28	Front_Det_X	-860
2009-08-06T05:31:28	Front_Det_Rot	-10.00719
2009-08-06T05:31:28	Front_BS_Rot	0
2009-08-06T05:31:28	TEMP1	0
2009-08-06T05:31:28	TEMP2	0
