 PRL11/2 DC25/LA profile                                                         
 
 D-spacing (Ang)                         
 Attenuation I/Io                        
 
  0.25000E+00  0.28756E+00
  0.25500E+00  0.28752E+00
  0.26000E+00  0.28748E+00
  0.26500E+00  0.28744E+00
  0.27000E+00  0.28739E+00
  0.27500E+00  0.28734E+00
  0.28000E+00  0.28728E+00
  0.28500E+00  0.28722E+00
  0.29000E+00  0.28715E+00
  0.29500E+00  0.28708E+00
  0.30000E+00  0.28701E+00
  0.30500E+00  0.28693E+00
  0.31000E+00  0.28684E+00
  0.31500E+00  0.28676E+00
  0.32000E+00  0.28667E+00
  0.32500E+00  0.28658E+00
  0.33000E+00  0.28648E+00
  0.33500E+00  0.28638E+00
  0.34000E+00  0.28628E+00
  0.34500E+00  0.28618E+00
  0.35000E+00  0.28608E+00
  0.35500E+00  0.28597E+00
  0.36000E+00  0.28586E+00
  0.36500E+00  0.28576E+00
  0.37000E+00  0.28565E+00
  0.37500E+00  0.28554E+00
  0.38000E+00  0.28543E+00
  0.38500E+00  0.28532E+00
  0.39000E+00  0.28521E+00
  0.39500E+00  0.28510E+00
  0.40000E+00  0.28499E+00
  0.40500E+00  0.28488E+00
  0.41000E+00  0.28477E+00
  0.41500E+00  0.28467E+00
  0.42000E+00  0.28456E+00
  0.42500E+00  0.28446E+00
  0.43000E+00  0.28435E+00
  0.43500E+00  0.28425E+00
  0.44000E+00  0.28415E+00
  0.44500E+00  0.28405E+00
  0.45000E+00  0.28395E+00
  0.45500E+00  0.28385E+00
  0.46000E+00  0.28375E+00
  0.46500E+00  0.28366E+00
  0.47000E+00  0.28356E+00
  0.47500E+00  0.28346E+00
  0.48000E+00  0.28337E+00
  0.48500E+00  0.28327E+00
  0.49000E+00  0.28318E+00
  0.49500E+00  0.28308E+00
  0.50000E+00  0.28299E+00
  0.50500E+00  0.28289E+00
  0.51000E+00  0.28280E+00
  0.51500E+00  0.28270E+00
  0.52000E+00  0.28261E+00
  0.52500E+00  0.28251E+00
  0.53000E+00  0.28241E+00
  0.53500E+00  0.28232E+00
  0.54000E+00  0.28222E+00
  0.54500E+00  0.28212E+00
  0.55000E+00  0.28202E+00
  0.55500E+00  0.28192E+00
  0.56000E+00  0.28183E+00
  0.56500E+00  0.28173E+00
  0.57000E+00  0.28163E+00
  0.57500E+00  0.28153E+00
  0.58000E+00  0.28143E+00
  0.58500E+00  0.28133E+00
  0.59000E+00  0.28123E+00
  0.59500E+00  0.28113E+00
  0.60000E+00  0.28103E+00
  0.60500E+00  0.28093E+00
  0.61000E+00  0.28083E+00
  0.61500E+00  0.28073E+00
  0.62000E+00  0.28063E+00
  0.62500E+00  0.28053E+00
  0.63000E+00  0.28044E+00
  0.63500E+00  0.28034E+00
  0.64000E+00  0.28025E+00
  0.64500E+00  0.28015E+00
  0.65000E+00  0.28006E+00
  0.65500E+00  0.27997E+00
  0.66000E+00  0.27988E+00
  0.66500E+00  0.27979E+00
  0.67000E+00  0.27970E+00
  0.67500E+00  0.27961E+00
  0.68000E+00  0.27953E+00
  0.68500E+00  0.27945E+00
  0.69000E+00  0.27937E+00
  0.69500E+00  0.27929E+00
  0.70000E+00  0.27921E+00
  0.70500E+00  0.27914E+00
  0.71000E+00  0.27907E+00
  0.71500E+00  0.27900E+00
  0.72000E+00  0.27893E+00
  0.72500E+00  0.27887E+00
  0.73000E+00  0.27881E+00
  0.73500E+00  0.27875E+00
  0.74000E+00  0.27869E+00
  0.74500E+00  0.27864E+00
  0.75000E+00  0.27859E+00
  0.75500E+00  0.27854E+00
  0.76000E+00  0.27850E+00
  0.76500E+00  0.27846E+00
  0.77000E+00  0.27842E+00
  0.77500E+00  0.27839E+00
  0.78000E+00  0.27836E+00
  0.78500E+00  0.27833E+00
  0.79000E+00  0.27831E+00
  0.79500E+00  0.27828E+00
  0.80000E+00  0.27827E+00
  0.80500E+00  0.27825E+00
  0.81000E+00  0.27824E+00
  0.81500E+00  0.27823E+00
  0.82000E+00  0.27822E+00
  0.82500E+00  0.27821E+00
  0.83000E+00  0.27821E+00
  0.83500E+00  0.27820E+00
  0.84000E+00  0.27820E+00
  0.84500E+00  0.27820E+00
  0.85000E+00  0.27819E+00
  0.85500E+00  0.27819E+00
  0.86000E+00  0.27818E+00
  0.86500E+00  0.27818E+00
  0.87000E+00  0.27817E+00
  0.87500E+00  0.27816E+00
  0.88000E+00  0.27815E+00
  0.88500E+00  0.27814E+00
  0.89000E+00  0.27812E+00
  0.89500E+00  0.27810E+00
  0.90000E+00  0.27807E+00
  0.90500E+00  0.27804E+00
  0.91000E+00  0.27800E+00
  0.91500E+00  0.27796E+00
  0.92000E+00  0.27791E+00
  0.92500E+00  0.27785E+00
  0.93000E+00  0.27778E+00
  0.93500E+00  0.27770E+00
  0.94000E+00  0.27760E+00
  0.94500E+00  0.27750E+00
  0.95000E+00  0.27738E+00
  0.95500E+00  0.27725E+00
  0.96000E+00  0.27711E+00
  0.96500E+00  0.27695E+00
  0.97000E+00  0.27678E+00
  0.97500E+00  0.27659E+00
  0.98000E+00  0.27639E+00
  0.98500E+00  0.27618E+00
  0.99000E+00  0.27595E+00
  0.99500E+00  0.27571E+00
  0.10000E+01  0.27546E+00
  0.10050E+01  0.27520E+00
  0.10100E+01  0.27493E+00
  0.10150E+01  0.27465E+00
  0.10200E+01  0.27437E+00
  0.10250E+01  0.27408E+00
  0.10300E+01  0.27378E+00
  0.10350E+01  0.27349E+00
  0.10400E+01  0.27319E+00
  0.10450E+01  0.27290E+00
  0.10500E+01  0.27262E+00
  0.10550E+01  0.27234E+00
  0.10600E+01  0.27207E+00
  0.10650E+01  0.27181E+00
  0.10700E+01  0.27157E+00
  0.10750E+01  0.27134E+00
  0.10800E+01  0.27113E+00
  0.10850E+01  0.27094E+00
  0.10900E+01  0.27077E+00
  0.10950E+01  0.27063E+00
  0.11000E+01  0.27051E+00
  0.11050E+01  0.27041E+00
  0.11100E+01  0.27033E+00
  0.11150E+01  0.27028E+00
  0.11200E+01  0.27025E+00
  0.11250E+01  0.27024E+00
  0.11300E+01  0.27026E+00
  0.11350E+01  0.27029E+00
  0.11400E+01  0.27035E+00
  0.11450E+01  0.27043E+00
  0.11500E+01  0.27052E+00
  0.11550E+01  0.27063E+00
  0.11600E+01  0.27075E+00
  0.11650E+01  0.27089E+00
  0.11700E+01  0.27104E+00
  0.11750E+01  0.27120E+00
  0.11800E+01  0.27137E+00
  0.11850E+01  0.27155E+00
  0.11900E+01  0.27173E+00
  0.11950E+01  0.27191E+00
  0.12000E+01  0.27209E+00
  0.12050E+01  0.27228E+00
  0.12100E+01  0.27245E+00
  0.12150E+01  0.27263E+00
  0.12200E+01  0.27279E+00
  0.12250E+01  0.27295E+00
  0.12300E+01  0.27309E+00
  0.12350E+01  0.27322E+00
  0.12400E+01  0.27333E+00
  0.12450E+01  0.27343E+00
  0.12500E+01  0.27350E+00
  0.12550E+01  0.27356E+00
  0.12600E+01  0.27360E+00
  0.12650E+01  0.27361E+00
  0.12700E+01  0.27361E+00
  0.12750E+01  0.27358E+00
  0.12800E+01  0.27352E+00
  0.12850E+01  0.27344E+00
  0.12900E+01  0.27334E+00
  0.12950E+01  0.27322E+00
  0.13000E+01  0.27308E+00
  0.13050E+01  0.27292E+00
  0.13100E+01  0.27273E+00
  0.13150E+01  0.27253E+00
  0.13200E+01  0.27231E+00
  0.13250E+01  0.27207E+00
  0.13300E+01  0.27182E+00
  0.13350E+01  0.27156E+00
  0.13400E+01  0.27129E+00
  0.13450E+01  0.27101E+00
  0.13500E+01  0.27072E+00
  0.13550E+01  0.27043E+00
  0.13600E+01  0.27013E+00
  0.13650E+01  0.26984E+00
  0.13700E+01  0.26955E+00
  0.13750E+01  0.26927E+00
  0.13800E+01  0.26900E+00
  0.13850E+01  0.26873E+00
  0.13900E+01  0.26848E+00
  0.13950E+01  0.26823E+00
  0.14000E+01  0.26800E+00
  0.14050E+01  0.26778E+00
  0.14100E+01  0.26757E+00
  0.14150E+01  0.26737E+00
  0.14200E+01  0.26718E+00
  0.14250E+01  0.26700E+00
  0.14300E+01  0.26682E+00
  0.14350E+01  0.26664E+00
  0.14400E+01  0.26646E+00
  0.14450E+01  0.26628E+00
  0.14500E+01  0.26610E+00
  0.14550E+01  0.26592E+00
  0.14600E+01  0.26573E+00
  0.14650E+01  0.26554E+00
  0.14700E+01  0.26535E+00
  0.14750E+01  0.26516E+00
  0.14800E+01  0.26496E+00
  0.14850E+01  0.26477E+00
  0.14900E+01  0.26457E+00
  0.14950E+01  0.26438E+00
  0.15000E+01  0.26420E+00
  0.15050E+01  0.26402E+00
  0.15100E+01  0.26385E+00
  0.15150E+01  0.26369E+00
  0.15200E+01  0.26353E+00
  0.15250E+01  0.26338E+00
  0.15300E+01  0.26323E+00
  0.15350E+01  0.26310E+00
  0.15400E+01  0.26296E+00
  0.15450E+01  0.26284E+00
  0.15500E+01  0.26271E+00
  0.15550E+01  0.26259E+00
  0.15600E+01  0.26246E+00
  0.15650E+01  0.26234E+00
  0.15700E+01  0.26222E+00
  0.15750E+01  0.26209E+00
  0.15800E+01  0.26196E+00
  0.15850E+01  0.26183E+00
  0.15900E+01  0.26170E+00
  0.15950E+01  0.26156E+00
  0.16000E+01  0.26143E+00
  0.16050E+01  0.26128E+00
  0.16100E+01  0.26114E+00
  0.16150E+01  0.26099E+00
  0.16200E+01  0.26085E+00
  0.16250E+01  0.26070E+00
  0.16300E+01  0.26056E+00
  0.16350E+01  0.26042E+00
  0.16400E+01  0.26029E+00
  0.16450E+01  0.26018E+00
  0.16500E+01  0.26009E+00
  0.16550E+01  0.26002E+00
  0.16600E+01  0.25998E+00
  0.16650E+01  0.25997E+00
  0.16700E+01  0.25999E+00
  0.16750E+01  0.26003E+00
  0.16800E+01  0.26009E+00
  0.16850E+01  0.26017E+00
  0.16900E+01  0.26026E+00
  0.16950E+01  0.26035E+00
  0.17000E+01  0.26045E+00
  0.17050E+01  0.26054E+00
  0.17100E+01  0.26063E+00
  0.17150E+01  0.26071E+00
  0.17200E+01  0.26078E+00
  0.17250E+01  0.26084E+00
  0.17300E+01  0.26087E+00
  0.17350E+01  0.26089E+00
  0.17400E+01  0.26089E+00
  0.17450E+01  0.26087E+00
  0.17500E+01  0.26083E+00
  0.17550E+01  0.26076E+00
  0.17600E+01  0.26068E+00
  0.17650E+01  0.26057E+00
  0.17700E+01  0.26045E+00
  0.17750E+01  0.26032E+00
  0.17800E+01  0.26018E+00
  0.17850E+01  0.26003E+00
  0.17900E+01  0.25988E+00
  0.17950E+01  0.25973E+00
  0.18000E+01  0.25959E+00
  0.18050E+01  0.25946E+00
  0.18100E+01  0.25935E+00
  0.18150E+01  0.25925E+00
  0.18200E+01  0.25918E+00
  0.18250E+01  0.25913E+00
  0.18300E+01  0.25911E+00
  0.18350E+01  0.25911E+00
  0.18400E+01  0.25913E+00
  0.18450E+01  0.25918E+00
  0.18500E+01  0.25924E+00
  0.18550E+01  0.25932E+00
  0.18600E+01  0.25941E+00
  0.18650E+01  0.25950E+00
  0.18700E+01  0.25960E+00
  0.18750E+01  0.25969E+00
  0.18800E+01  0.25978E+00
  0.18850E+01  0.25986E+00
  0.18900E+01  0.25994E+00
  0.18950E+01  0.26001E+00
  0.19000E+01  0.26007E+00
  0.19050E+01  0.26012E+00
  0.19100E+01  0.26016E+00
  0.19150E+01  0.26020E+00
  0.19200E+01  0.26023E+00
  0.19250E+01  0.26024E+00
  0.19300E+01  0.26025E+00
  0.19350E+01  0.26025E+00
  0.19400E+01  0.26025E+00
  0.19450E+01  0.26023E+00
  0.19500E+01  0.26022E+00
  0.19550E+01  0.26019E+00
  0.19600E+01  0.26016E+00
  0.19650E+01  0.26013E+00
  0.19700E+01  0.26010E+00
  0.19750E+01  0.26007E+00
  0.19800E+01  0.26005E+00
  0.19850E+01  0.26002E+00
  0.19900E+01  0.26000E+00
  0.19950E+01  0.25998E+00
  0.20000E+01  0.25996E+00
  0.20050E+01  0.25995E+00
  0.20100E+01  0.25993E+00
  0.20150E+01  0.25992E+00
  0.20200E+01  0.25991E+00
  0.20250E+01  0.25989E+00
  0.20300E+01  0.25987E+00
  0.20350E+01  0.25984E+00
  0.20400E+01  0.25980E+00
  0.20450E+01  0.25975E+00
  0.20500E+01  0.25970E+00
  0.20550E+01  0.25963E+00
  0.20600E+01  0.25954E+00
  0.20650E+01  0.25944E+00
  0.20700E+01  0.25933E+00
  0.20750E+01  0.25920E+00
  0.20800E+01  0.25906E+00
  0.20850E+01  0.25890E+00
  0.20900E+01  0.25873E+00
  0.20950E+01  0.25854E+00
  0.21000E+01  0.25833E+00
  0.21050E+01  0.25811E+00
  0.21100E+01  0.25788E+00
  0.21150E+01  0.25764E+00
  0.21200E+01  0.25740E+00
  0.21250E+01  0.25717E+00
  0.21300E+01  0.25695E+00
  0.21350E+01  0.25676E+00
  0.21400E+01  0.25660E+00
  0.21450E+01  0.25648E+00
  0.21500E+01  0.25640E+00
  0.21550E+01  0.25637E+00
  0.21600E+01  0.25637E+00
  0.21650E+01  0.25641E+00
  0.21700E+01  0.25647E+00
  0.21750E+01  0.25655E+00
  0.21800E+01  0.25664E+00
  0.21850E+01  0.25674E+00
  0.21900E+01  0.25684E+00
  0.21950E+01  0.25694E+00
  0.22000E+01  0.25703E+00
  0.22050E+01  0.25711E+00
  0.22100E+01  0.25719E+00
  0.22150E+01  0.25725E+00
  0.22200E+01  0.25730E+00
  0.22250E+01  0.25735E+00
  0.22300E+01  0.25738E+00
  0.22350E+01  0.25741E+00
  0.22400E+01  0.25743E+00
  0.22450E+01  0.25745E+00
  0.22500E+01  0.25746E+00
  0.22550E+01  0.25747E+00
  0.22600E+01  0.25748E+00
  0.22650E+01  0.25749E+00
  0.22700E+01  0.25750E+00
  0.22750E+01  0.25751E+00
  0.22800E+01  0.25753E+00
  0.22850E+01  0.25754E+00
  0.22900E+01  0.25755E+00
  0.22950E+01  0.25757E+00
  0.23000E+01  0.25758E+00
  0.23050E+01  0.25760E+00
  0.23100E+01  0.25762E+00
  0.23150E+01  0.25764E+00
  0.23200E+01  0.25766E+00
  0.23250E+01  0.25768E+00
  0.23300E+01  0.25770E+00
  0.23350E+01  0.25772E+00
  0.23400E+01  0.25774E+00
  0.23450E+01  0.25775E+00
  0.23500E+01  0.25776E+00
  0.23550E+01  0.25776E+00
  0.23600E+01  0.25777E+00
  0.23650E+01  0.25776E+00
  0.23700E+01  0.25776E+00
  0.23750E+01  0.25775E+00
  0.23800E+01  0.25773E+00
  0.23850E+01  0.25772E+00
  0.23900E+01  0.25771E+00
  0.23950E+01  0.25769E+00
  0.24000E+01  0.25768E+00
  0.24050E+01  0.25766E+00
  0.24100E+01  0.25764E+00
  0.24150E+01  0.25761E+00
  0.24200E+01  0.25758E+00
  0.24250E+01  0.25755E+00
  0.24300E+01  0.25751E+00
  0.24350E+01  0.25747E+00
  0.24400E+01  0.25742E+00
  0.24450E+01  0.25738E+00
  0.24500E+01  0.25734E+00
  0.24550E+01  0.25731E+00
  0.24600E+01  0.25728E+00
  0.24650E+01  0.25726E+00
  0.24700E+01  0.25725E+00
  0.24750E+01  0.25725E+00
  0.24800E+01  0.25725E+00
  0.24850E+01  0.25726E+00
  0.24900E+01  0.25728E+00
  0.24950E+01  0.25730E+00
  0.25000E+01  0.25732E+00
  0.25050E+01  0.25734E+00
  0.25100E+01  0.25736E+00
  0.25150E+01  0.25738E+00
  0.25200E+01  0.25740E+00
  0.25250E+01  0.25742E+00
  0.25300E+01  0.25744E+00
  0.25350E+01  0.25745E+00
  0.25400E+01  0.25747E+00
  0.25450E+01  0.25748E+00
  0.25500E+01  0.25750E+00
  0.25550E+01  0.25751E+00
  0.25600E+01  0.25752E+00
  0.25650E+01  0.25754E+00
  0.25700E+01  0.25755E+00
  0.25750E+01  0.25756E+00
  0.25800E+01  0.25758E+00
  0.25850E+01  0.25758E+00
  0.25900E+01  0.25759E+00
  0.25950E+01  0.25759E+00
  0.26000E+01  0.25759E+00
  0.26050E+01  0.25759E+00
  0.26100E+01  0.25758E+00
  0.26150E+01  0.25756E+00
  0.26200E+01  0.25754E+00
  0.26250E+01  0.25751E+00
  0.26300E+01  0.25748E+00
  0.26350E+01  0.25744E+00
  0.26400E+01  0.25739E+00
  0.26450E+01  0.25734E+00
  0.26500E+01  0.25729E+00
  0.26550E+01  0.25723E+00
  0.26600E+01  0.25717E+00
  0.26650E+01  0.25710E+00
  0.26700E+01  0.25703E+00
  0.26750E+01  0.25695E+00
  0.26800E+01  0.25686E+00
  0.26850E+01  0.25677E+00
  0.26900E+01  0.25668E+00
  0.26950E+01  0.25657E+00
  0.27000E+01  0.25646E+00
  0.27050E+01  0.25634E+00
  0.27100E+01  0.25621E+00
  0.27150E+01  0.25607E+00
  0.27200E+01  0.25591E+00
  0.27250E+01  0.25574E+00
  0.27300E+01  0.25556E+00
  0.27350E+01  0.25536E+00
  0.27400E+01  0.25514E+00
  0.27450E+01  0.25490E+00
  0.27500E+01  0.25465E+00
  0.27550E+01  0.25439E+00
  0.27600E+01  0.25413E+00
  0.27650E+01  0.25388E+00
  0.27700E+01  0.25367E+00
  0.27750E+01  0.25350E+00
  0.27800E+01  0.25338E+00
  0.27850E+01  0.25334E+00
  0.27900E+01  0.25336E+00
  0.27950E+01  0.25345E+00
  0.28000E+01  0.25361E+00
  0.28050E+01  0.25383E+00
  0.28100E+01  0.25409E+00
  0.28150E+01  0.25440E+00
  0.28200E+01  0.25474E+00
  0.28250E+01  0.25512E+00
  0.28300E+01  0.25552E+00
  0.28350E+01  0.25594E+00
  0.28400E+01  0.25638E+00
  0.28450E+01  0.25685E+00
  0.28500E+01  0.25733E+00
  0.28550E+01  0.25782E+00
  0.28600E+01  0.25832E+00
  0.28650E+01  0.25884E+00
  0.28700E+01  0.25936E+00
  0.28750E+01  0.25988E+00
  0.28800E+01  0.26041E+00
  0.28850E+01  0.26094E+00
  0.28900E+01  0.26147E+00
  0.28950E+01  0.26200E+00
  0.29000E+01  0.26252E+00
  0.29050E+01  0.26305E+00
  0.29100E+01  0.26358E+00
  0.29150E+01  0.26410E+00
  0.29200E+01  0.26463E+00
  0.29250E+01  0.26515E+00
  0.29300E+01  0.26567E+00
  0.29350E+01  0.26620E+00
  0.29400E+01  0.26672E+00
  0.29450E+01  0.26725E+00
  0.29500E+01  0.26778E+00
  0.29550E+01  0.26832E+00
  0.29600E+01  0.26885E+00
  0.29650E+01  0.26939E+00
  0.29700E+01  0.26993E+00
  0.29750E+01  0.27047E+00
  0.29800E+01  0.27102E+00
  0.29850E+01  0.27156E+00
  0.29900E+01  0.27212E+00
  0.29950E+01  0.27268E+00
  0.30000E+01  0.27324E+00
  0.30050E+01  0.27380E+00
  0.30100E+01  0.27438E+00
  0.30150E+01  0.27495E+00
  0.30200E+01  0.27553E+00
  0.30250E+01  0.27611E+00
  0.30300E+01  0.27670E+00
  0.30350E+01  0.27729E+00
  0.30400E+01  0.27788E+00
  0.30450E+01  0.27847E+00
  0.30500E+01  0.27906E+00
  0.30550E+01  0.27965E+00
  0.30600E+01  0.28024E+00
  0.30650E+01  0.28083E+00
  0.30700E+01  0.28141E+00
  0.30750E+01  0.28199E+00
  0.30800E+01  0.28256E+00
  0.30850E+01  0.28312E+00
  0.30900E+01  0.28368E+00
  0.30950E+01  0.28423E+00
  0.31000E+01  0.28478E+00
  0.31050E+01  0.28531E+00
  0.31100E+01  0.28583E+00
  0.31150E+01  0.28633E+00
  0.31200E+01  0.28682E+00
  0.31250E+01  0.28728E+00
  0.31300E+01  0.28771E+00
  0.31350E+01  0.28811E+00
  0.31400E+01  0.28847E+00
  0.31450E+01  0.28878E+00
  0.31500E+01  0.28905E+00
  0.31550E+01  0.28927E+00
  0.31600E+01  0.28945E+00
  0.31650E+01  0.28959E+00
  0.31700E+01  0.28969E+00
  0.31750E+01  0.28977E+00
  0.31800E+01  0.28981E+00
  0.31850E+01  0.28984E+00
  0.31900E+01  0.28986E+00
  0.31950E+01  0.28986E+00
  0.32000E+01  0.28984E+00
  0.32050E+01  0.28982E+00
  0.32100E+01  0.28979E+00
  0.32150E+01  0.28975E+00
  0.32200E+01  0.28969E+00
  0.32250E+01  0.28963E+00
  0.32300E+01  0.28956E+00
  0.32350E+01  0.28949E+00
  0.32400E+01  0.28941E+00
  0.32450E+01  0.28932E+00
  0.32500E+01  0.28922E+00
  0.32550E+01  0.28912E+00
  0.32600E+01  0.28901E+00
  0.32650E+01  0.28890E+00
  0.32700E+01  0.28878E+00
  0.32750E+01  0.28866E+00
  0.32800E+01  0.28854E+00
  0.32850E+01  0.28841E+00
  0.32900E+01  0.28828E+00
  0.32950E+01  0.28815E+00
  0.33000E+01  0.28801E+00
  0.33050E+01  0.28788E+00
  0.33100E+01  0.28774E+00
  0.33150E+01  0.28760E+00
  0.33200E+01  0.28746E+00
  0.33250E+01  0.28732E+00
  0.33300E+01  0.28718E+00
  0.33350E+01  0.28705E+00
  0.33400E+01  0.28691E+00
  0.33450E+01  0.28677E+00
  0.33500E+01  0.28663E+00
  0.33550E+01  0.28650E+00
  0.33600E+01  0.28636E+00
  0.33650E+01  0.28623E+00
  0.33700E+01  0.28610E+00
  0.33750E+01  0.28597E+00
  0.33800E+01  0.28584E+00
  0.33850E+01  0.28572E+00
  0.33900E+01  0.28559E+00
  0.33950E+01  0.28547E+00
  0.34000E+01  0.28535E+00
  0.34050E+01  0.28524E+00
  0.34100E+01  0.28512E+00
  0.34150E+01  0.28501E+00
  0.34200E+01  0.28490E+00
  0.34250E+01  0.28479E+00
  0.34300E+01  0.28468E+00
  0.34350E+01  0.28458E+00
  0.34400E+01  0.28448E+00
  0.34450E+01  0.28438E+00
  0.34500E+01  0.28429E+00
  0.34550E+01  0.28419E+00
  0.34600E+01  0.28410E+00
  0.34650E+01  0.28401E+00
  0.34700E+01  0.28393E+00
  0.34750E+01  0.28385E+00
  0.34800E+01  0.28377E+00
  0.34850E+01  0.28369E+00
  0.34900E+01  0.28361E+00
  0.34950E+01  0.28354E+00
  0.35000E+01  0.28347E+00
  0.35050E+01  0.28341E+00
  0.35100E+01  0.28335E+00
  0.35150E+01  0.28329E+00
  0.35200E+01  0.28323E+00
  0.35250E+01  0.28317E+00
  0.35300E+01  0.28312E+00
  0.35350E+01  0.28306E+00
  0.35400E+01  0.28301E+00
  0.35450E+01  0.28296E+00
  0.35500E+01  0.28291E+00
  0.35550E+01  0.28286E+00
  0.35600E+01  0.28281E+00
  0.35650E+01  0.28276E+00
  0.35700E+01  0.28270E+00
  0.35750E+01  0.28265E+00
  0.35800E+01  0.28260E+00
  0.35850E+01  0.28255E+00
  0.35900E+01  0.28249E+00
  0.35950E+01  0.28244E+00
  0.36000E+01  0.28238E+00
  0.36050E+01  0.28233E+00
  0.36100E+01  0.28227E+00
  0.36150E+01  0.28221E+00
  0.36200E+01  0.28215E+00
  0.36250E+01  0.28210E+00
  0.36300E+01  0.28204E+00
  0.36350E+01  0.28198E+00
  0.36400E+01  0.28192E+00
  0.36450E+01  0.28186E+00
  0.36500E+01  0.28180E+00
  0.36550E+01  0.28174E+00
  0.36600E+01  0.28168E+00
  0.36650E+01  0.28162E+00
  0.36700E+01  0.28156E+00
  0.36750E+01  0.28149E+00
  0.36800E+01  0.28143E+00
  0.36850E+01  0.28136E+00
  0.36900E+01  0.28130E+00
  0.36950E+01  0.28123E+00
  0.37000E+01  0.28115E+00
  0.37050E+01  0.28108E+00
  0.37100E+01  0.28100E+00
  0.37150E+01  0.28092E+00
  0.37200E+01  0.28084E+00
  0.37250E+01  0.28076E+00
  0.37300E+01  0.28067E+00
  0.37350E+01  0.28058E+00
  0.37400E+01  0.28049E+00
  0.37450E+01  0.28040E+00
  0.37500E+01  0.28030E+00
  0.37550E+01  0.28021E+00
  0.37600E+01  0.28011E+00
  0.37650E+01  0.28001E+00
  0.37700E+01  0.27990E+00
  0.37750E+01  0.27980E+00
  0.37800E+01  0.27969E+00
  0.37850E+01  0.27958E+00
  0.37900E+01  0.27947E+00
  0.37950E+01  0.27936E+00
  0.38000E+01  0.27925E+00
  0.38050E+01  0.27914E+00
  0.38100E+01  0.27903E+00
  0.38150E+01  0.27891E+00
  0.38200E+01  0.27880E+00
  0.38250E+01  0.27869E+00
  0.38300E+01  0.27858E+00
  0.38350E+01  0.27847E+00
  0.38400E+01  0.27836E+00
  0.38450E+01  0.27826E+00
  0.38500E+01  0.27815E+00
  0.38550E+01  0.27804E+00
  0.38600E+01  0.27794E+00
  0.38650E+01  0.27784E+00
  0.38700E+01  0.27774E+00
  0.38750E+01  0.27764E+00
  0.38800E+01  0.27754E+00
  0.38850E+01  0.27744E+00
  0.38900E+01  0.27734E+00
  0.38950E+01  0.27724E+00
  0.39000E+01  0.27715E+00
  0.39050E+01  0.27705E+00
  0.39100E+01  0.27696E+00
  0.39150E+01  0.27686E+00
  0.39200E+01  0.27677E+00
  0.39250E+01  0.27667E+00
  0.39300E+01  0.27658E+00
  0.39350E+01  0.27649E+00
  0.39400E+01  0.27639E+00
  0.39450E+01  0.27630E+00
  0.39500E+01  0.27621E+00
  0.39550E+01  0.27612E+00
  0.39600E+01  0.27604E+00
  0.39650E+01  0.27595E+00
  0.39700E+01  0.27586E+00
  0.39750E+01  0.27578E+00
  0.39800E+01  0.27570E+00
  0.39850E+01  0.27562E+00
  0.39900E+01  0.27553E+00
  0.39950E+01  0.27546E+00
  0.40000E+01  0.27538E+00
  0.40050E+01  0.27530E+00
  0.40100E+01  0.27522E+00
  0.40150E+01  0.27515E+00
  0.40200E+01  0.27507E+00
  0.40250E+01  0.27500E+00
  0.40300E+01  0.27493E+00
  0.40350E+01  0.27486E+00
  0.40400E+01  0.27479E+00
  0.40450E+01  0.27472E+00
  0.40500E+01  0.27466E+00
  0.40550E+01  0.27459E+00
  0.40600E+01  0.27453E+00
  0.40650E+01  0.27446E+00
  0.40700E+01  0.27440E+00
  0.40750E+01  0.27434E+00
  0.40800E+01  0.27428E+00
  0.40850E+01  0.27422E+00
  0.40900E+01  0.27417E+00
  0.40950E+01  0.27412E+00
  0.41000E+01  0.27406E+00
  0.41050E+01  0.27401E+00
  0.41100E+01  0.27396E+00
  0.41150E+01  0.27391E+00
  0.41200E+01  0.27386E+00
  0.41250E+01  0.27382E+00
  0.41300E+01  0.27378E+00
  0.41350E+01  0.27374E+00
  0.41400E+01  0.27370E+00
  0.41450E+01  0.27366E+00
  0.41500E+01  0.27363E+00
  0.41550E+01  0.27360E+00
  0.41600E+01  0.27357E+00
  0.41650E+01  0.27354E+00
  0.41700E+01  0.27352E+00
  0.41750E+01  0.27350E+00
  0.41800E+01  0.27348E+00
  0.41850E+01  0.27346E+00
  0.41900E+01  0.27345E+00
  0.41950E+01  0.27344E+00
  0.42000E+01  0.27343E+00
  0.42050E+01  0.27342E+00
  0.42100E+01  0.27342E+00
  0.42150E+01  0.27342E+00
  0.42200E+01  0.27342E+00
  0.42250E+01  0.27342E+00
  0.42300E+01  0.27342E+00
  0.42350E+01  0.27343E+00
  0.42400E+01  0.27344E+00
  0.42450E+01  0.27344E+00
  0.42500E+01  0.27345E+00
  0.42550E+01  0.27346E+00
  0.42600E+01  0.27348E+00
  0.42650E+01  0.27349E+00
  0.42700E+01  0.27350E+00
  0.42750E+01  0.27352E+00
  0.42800E+01  0.27353E+00
  0.42850E+01  0.27354E+00
  0.42900E+01  0.27356E+00
  0.42950E+01  0.27357E+00
  0.43000E+01  0.27359E+00
  0.43050E+01  0.27360E+00
  0.43100E+01  0.27362E+00
  0.43150E+01  0.27363E+00
  0.43200E+01  0.27364E+00
  0.43250E+01  0.27365E+00
  0.43300E+01  0.27366E+00
  0.43350E+01  0.27367E+00
  0.43400E+01  0.27368E+00
  0.43450E+01  0.27369E+00
  0.43500E+01  0.27369E+00
  0.43550E+01  0.27370E+00
  0.43600E+01  0.27370E+00
  0.43650E+01  0.27371E+00
  0.43700E+01  0.27371E+00
  0.43750E+01  0.27371E+00
  0.43800E+01  0.27371E+00
  0.43850E+01  0.27371E+00
  0.43900E+01  0.27371E+00
  0.43950E+01  0.27371E+00
  0.44000E+01  0.27371E+00
  0.44050E+01  0.27371E+00
  0.44100E+01  0.27371E+00
  0.44150E+01  0.27371E+00
  0.44200E+01  0.27371E+00
  0.44250E+01  0.27370E+00
  0.44300E+01  0.27370E+00
  0.44350E+01  0.27370E+00
  0.44400E+01  0.27370E+00
  0.44450E+01  0.27370E+00
  0.44500E+01  0.27370E+00
  0.44550E+01  0.27370E+00
  0.44600E+01  0.27370E+00
  0.44650E+01  0.27370E+00
  0.44700E+01  0.27370E+00
  0.44750E+01  0.27370E+00
  0.44800E+01  0.27370E+00
  0.44850E+01  0.27370E+00
  0.44900E+01  0.27370E+00
  0.44950E+01  0.27370E+00
  0.45000E+01  0.27370E+00
 
